INFO  [2025-10-02 15:22:51] Initializing ALASCA (v1.0.17, 2024-09-13)
WARN  [2025-10-02 15:22:51] Guessing effects: `day+day:treatment+treatment`
INFO  [2025-10-02 15:22:51] Will use linear mixed models!
INFO  [2025-10-02 15:22:51] Will use Rfast!
WARN  [2025-10-02 15:22:51] Converting IDs to integer values
WARN  [2025-10-02 15:22:51] The `day` column is used for stratification
WARN  [2025-10-02 15:22:51] Converting `character` columns to factors
INFO  [2025-10-02 15:22:51] Scaling data with sdall ...
INFO  [2025-10-02 15:22:51] Calculating LMM coefficients
INFO  [2025-10-02 15:22:51] Reducing the number of dimensions with PCA
INFO  [2025-10-02 15:22:51] Keeping 41 components from initial PCA, explaining 95.12 % of variation. The limit can be changed with `reduce_dimensions.limit`
INFO  [2025-10-02 15:22:51] -> Finished the reduction of dimensions!
WARN  [2025-10-02 15:22:51] Keeping 20 of 41 components. Change `max_PC` if necessary.
INFO  [2025-10-02 15:22:51] Starting validation: bootstrap
INFO  [2025-10-02 15:22:51] - Run 1 of 100
INFO  [2025-10-02 15:22:51] --- Used 0.3 seconds. Est. time remaining: 30.26 seconds
INFO  [2025-10-02 15:22:51] - Run 2 of 100
INFO  [2025-10-02 15:22:52] --- Used 0.6 seconds. Est. time remaining: 44.51 seconds
INFO  [2025-10-02 15:22:52] - Run 3 of 100
INFO  [2025-10-02 15:22:52] --- Used 0.12 seconds. Est. time remaining: 33.19 seconds
INFO  [2025-10-02 15:22:52] - Run 4 of 100
INFO  [2025-10-02 15:22:52] --- Used 0.16 seconds. Est. time remaining: 28.38 seconds
INFO  [2025-10-02 15:22:52] - Run 5 of 100
INFO  [2025-10-02 15:22:53] --- Used 0.43 seconds. Est. time remaining: 30.72 seconds
INFO  [2025-10-02 15:22:53] - Run 6 of 100
INFO  [2025-10-02 15:22:53] --- Used 0.09 seconds. Est. time remaining: 26.72 seconds
INFO  [2025-10-02 15:22:53] - Run 7 of 100
INFO  [2025-10-02 15:22:53] --- Used 0.1 seconds. Est. time remaining: 23.95 seconds
INFO  [2025-10-02 15:22:53] - Run 8 of 100
INFO  [2025-10-02 15:22:53] --- Used 0.31 seconds. Est. time remaining: 24.26 seconds
INFO  [2025-10-02 15:22:53] - Run 9 of 100
INFO  [2025-10-02 15:22:53] --- Used 0.09 seconds. Est. time remaining: 22.22 seconds
INFO  [2025-10-02 15:22:53] - Run 10 of 100
INFO  [2025-10-02 15:22:54] --- Used 0.37 seconds. Est. time remaining: 23.11 seconds
INFO  [2025-10-02 15:22:54] - Run 11 of 100
INFO  [2025-10-02 15:22:54] --- Used 0.21 seconds. Est. time remaining: 22.5 seconds
INFO  [2025-10-02 15:22:54] - Run 12 of 100
INFO  [2025-10-02 15:22:54] --- Used 0.1 seconds. Est. time remaining: 21.12 seconds
INFO  [2025-10-02 15:22:54] - Run 13 of 100
INFO  [2025-10-02 15:22:54] --- Used 0.1 seconds. Est. time remaining: 19.95 seconds
INFO  [2025-10-02 15:22:54] - Run 14 of 100
INFO  [2025-10-02 15:22:54] --- Used 0.18 seconds. Est. time remaining: 19.39 seconds
INFO  [2025-10-02 15:22:54] - Run 15 of 100
INFO  [2025-10-02 15:22:54] --- Used 0.14 seconds. Est. time remaining: 18.66 seconds
INFO  [2025-10-02 15:22:54] - Run 16 of 100
INFO  [2025-10-02 15:22:55] --- Used 0.3 seconds. Est. time remaining: 18.86 seconds
INFO  [2025-10-02 15:22:55] - Run 17 of 100
INFO  [2025-10-02 15:22:55] --- Used 0.14 seconds. Est. time remaining: 18.24 seconds
INFO  [2025-10-02 15:22:55] - Run 18 of 100
INFO  [2025-10-02 15:22:55] --- Used 0.09 seconds. Est. time remaining: 17.44 seconds
INFO  [2025-10-02 15:22:55] - Run 19 of 100
INFO  [2025-10-02 15:22:55] --- Used 0.14 seconds. Est. time remaining: 16.93 seconds
INFO  [2025-10-02 15:22:55] - Run 20 of 100
INFO  [2025-10-02 15:22:55] --- Used 0.17 seconds. Est. time remaining: 16.56 seconds
INFO  [2025-10-02 15:22:55] - Run 21 of 100
INFO  [2025-10-02 15:22:55] --- Used 0.09 seconds. Est. time remaining: 15.93 seconds
INFO  [2025-10-02 15:22:55] - Run 22 of 100
INFO  [2025-10-02 15:22:56] --- Used 0.39 seconds. Est. time remaining: 16.4 seconds
INFO  [2025-10-02 15:22:56] - Run 23 of 100
INFO  [2025-10-02 15:22:56] --- Used 0.09 seconds. Est. time remaining: 15.79 seconds
INFO  [2025-10-02 15:22:56] - Run 24 of 100
INFO  [2025-10-02 15:22:56] --- Used 0.09 seconds. Est. time remaining: 15.23 seconds
INFO  [2025-10-02 15:22:56] - Run 25 of 100
INFO  [2025-10-02 15:22:56] --- Used 0.13 seconds. Est. time remaining: 14.83 seconds
INFO  [2025-10-02 15:22:56] - Run 26 of 100
INFO  [2025-10-02 15:22:56] --- Used 0.12 seconds. Est. time remaining: 14.42 seconds
INFO  [2025-10-02 15:22:56] - Run 27 of 100
INFO  [2025-10-02 15:22:56] --- Used 0.11 seconds. Est. time remaining: 14 seconds
INFO  [2025-10-02 15:22:56] - Run 28 of 100
INFO  [2025-10-02 15:22:57] --- Used 0.23 seconds. Est. time remaining: 13.91 seconds
INFO  [2025-10-02 15:22:57] - Run 29 of 100
INFO  [2025-10-02 15:22:57] --- Used 0.14 seconds. Est. time remaining: 14.18 seconds
INFO  [2025-10-02 15:22:57] - Run 30 of 100
INFO  [2025-10-02 15:22:57] --- Used 0.19 seconds. Est. time remaining: 13.95 seconds
INFO  [2025-10-02 15:22:57] - Run 31 of 100
INFO  [2025-10-02 15:22:57] --- Used 0.14 seconds. Est. time remaining: 13.62 seconds
INFO  [2025-10-02 15:22:57] - Run 32 of 100
INFO  [2025-10-02 15:22:57] --- Used 0.09 seconds. Est. time remaining: 13.19 seconds
INFO  [2025-10-02 15:22:57] - Run 33 of 100
INFO  [2025-10-02 15:22:57] --- Used 0.15 seconds. Est. time remaining: 12.91 seconds
INFO  [2025-10-02 15:22:57] - Run 34 of 100
INFO  [2025-10-02 15:22:58] --- Used 0.36 seconds. Est. time remaining: 13.04 seconds
INFO  [2025-10-02 15:22:58] - Run 35 of 100
INFO  [2025-10-02 15:22:58] --- Used 0.09 seconds. Est. time remaining: 12.65 seconds
INFO  [2025-10-02 15:22:58] - Run 36 of 100
INFO  [2025-10-02 15:22:58] --- Used 0.08 seconds. Est. time remaining: 12.25 seconds
INFO  [2025-10-02 15:22:58] - Run 37 of 100
INFO  [2025-10-02 15:22:58] --- Used 0.13 seconds. Est. time remaining: 11.95 seconds
INFO  [2025-10-02 15:22:58] - Run 38 of 100
INFO  [2025-10-02 15:22:58] --- Used 0.14 seconds. Est. time remaining: 11.69 seconds
INFO  [2025-10-02 15:22:58] - Run 39 of 100
INFO  [2025-10-02 15:22:59] --- Used 0.31 seconds. Est. time remaining: 11.7 seconds
INFO  [2025-10-02 15:22:59] - Run 40 of 100
INFO  [2025-10-02 15:22:59] --- Used 0.12 seconds. Est. time remaining: 11.41 seconds
INFO  [2025-10-02 15:22:59] - Run 41 of 100
INFO  [2025-10-02 15:22:59] --- Used 0.09 seconds. Est. time remaining: 11.07 seconds
INFO  [2025-10-02 15:22:59] - Run 42 of 100
INFO  [2025-10-02 15:22:59] --- Used 0.09 seconds. Est. time remaining: 10.75 seconds
INFO  [2025-10-02 15:22:59] - Run 43 of 100
INFO  [2025-10-02 15:22:59] --- Used 0.18 seconds. Est. time remaining: 10.56 seconds
INFO  [2025-10-02 15:22:59] - Run 44 of 100
INFO  [2025-10-02 15:22:59] --- Used 0.09 seconds. Est. time remaining: 10.26 seconds
INFO  [2025-10-02 15:22:59] - Run 45 of 100
INFO  [2025-10-02 15:23:00] --- Used 0.5 seconds. Est. time remaining: 10.29 seconds
INFO  [2025-10-02 15:23:00] - Run 46 of 100
INFO  [2025-10-02 15:23:00] --- Used 0.17 seconds. Est. time remaining: 10.24 seconds
INFO  [2025-10-02 15:23:00] - Run 47 of 100
INFO  [2025-10-02 15:23:00] --- Used 0.17 seconds. Est. time remaining: 10.03 seconds
INFO  [2025-10-02 15:23:00] - Run 48 of 100
INFO  [2025-10-02 15:23:00] --- Used 0.14 seconds. Est. time remaining: 9.79 seconds
INFO  [2025-10-02 15:23:00] - Run 49 of 100
INFO  [2025-10-02 15:23:00] --- Used 0.16 seconds. Est. time remaining: 9.58 seconds
INFO  [2025-10-02 15:23:00] - Run 50 of 100
INFO  [2025-10-02 15:23:01] --- Used 0.31 seconds. Est. time remaining: 9.51 seconds
INFO  [2025-10-02 15:23:01] - Run 51 of 100
INFO  [2025-10-02 15:23:01] --- Used 0.24 seconds. Est. time remaining: 9.36 seconds
INFO  [2025-10-02 15:23:01] - Run 52 of 100
INFO  [2025-10-02 15:23:01] --- Used 0.09 seconds. Est. time remaining: 9.08 seconds
INFO  [2025-10-02 15:23:01] - Run 53 of 100
INFO  [2025-10-02 15:23:01] --- Used 0.09 seconds. Est. time remaining: 8.81 seconds
INFO  [2025-10-02 15:23:01] - Run 54 of 100
INFO  [2025-10-02 15:23:01] --- Used 0.14 seconds. Est. time remaining: 8.58 seconds
INFO  [2025-10-02 15:23:01] - Run 55 of 100
INFO  [2025-10-02 15:23:01] --- Used 0.15 seconds. Est. time remaining: 8.37 seconds
INFO  [2025-10-02 15:23:01] - Run 56 of 100
INFO  [2025-10-02 15:23:02] --- Used 0.31 seconds. Est. time remaining: 8.28 seconds
INFO  [2025-10-02 15:23:02] - Run 57 of 100
INFO  [2025-10-02 15:23:02] --- Used 0.14 seconds. Est. time remaining: 8.06 seconds
INFO  [2025-10-02 15:23:02] - Run 58 of 100
INFO  [2025-10-02 15:23:02] --- Used 0.16 seconds. Est. time remaining: 7.85 seconds
INFO  [2025-10-02 15:23:02] - Run 59 of 100
INFO  [2025-10-02 15:23:02] --- Used 0.12 seconds. Est. time remaining: 7.62 seconds
INFO  [2025-10-02 15:23:02] - Run 60 of 100
INFO  [2025-10-02 15:23:02] --- Used 0.17 seconds. Est. time remaining: 7.42 seconds
INFO  [2025-10-02 15:23:02] - Run 61 of 100
INFO  [2025-10-02 15:23:03] --- Used 0.32 seconds. Est. time remaining: 7.37 seconds
INFO  [2025-10-02 15:23:03] - Run 62 of 100
INFO  [2025-10-02 15:23:03] --- Used 0.17 seconds. Est. time remaining: 7.17 seconds
INFO  [2025-10-02 15:23:03] - Run 63 of 100
