INFO  [2025-10-02 15:28:46] Initializing ALASCA (v1.0.17, 2024-09-13)
WARN  [2025-10-02 15:28:46] Guessing effects: `day+day:treatment+treatment`
INFO  [2025-10-02 15:28:46] Will use linear mixed models!
INFO  [2025-10-02 15:28:46] Will use Rfast!
WARN  [2025-10-02 15:28:46] Converting IDs to integer values
WARN  [2025-10-02 15:28:46] The `day` column is used for stratification
INFO  [2025-10-02 15:28:46] Scaling data with sdall ...
INFO  [2025-10-02 15:28:46] Calculating LMM coefficients
INFO  [2025-10-02 15:28:46] Reducing the number of dimensions with PCA
INFO  [2025-10-02 15:28:46] Keeping 42 components from initial PCA, explaining 95.3 % of variation. The limit can be changed with `reduce_dimensions.limit`
INFO  [2025-10-02 15:28:46] -> Finished the reduction of dimensions!
WARN  [2025-10-02 15:28:46] Keeping 20 of 42 components. Change `max_PC` if necessary.
INFO  [2025-10-02 15:28:46] Starting validation: bootstrap
INFO  [2025-10-02 15:28:46] - Run 1 of 100
INFO  [2025-10-02 15:28:47] --- Used 0.38 seconds. Est. time remaining: 38.17 seconds
INFO  [2025-10-02 15:28:47] - Run 2 of 100
INFO  [2025-10-02 15:28:47] --- Used 0.11 seconds. Est. time remaining: 24.3 seconds
INFO  [2025-10-02 15:28:47] - Run 3 of 100
INFO  [2025-10-02 15:28:47] --- Used 0.1 seconds. Est. time remaining: 19.39 seconds
INFO  [2025-10-02 15:28:47] - Run 4 of 100
INFO  [2025-10-02 15:28:47] --- Used 0.13 seconds. Est. time remaining: 17.52 seconds
INFO  [2025-10-02 15:28:47] - Run 5 of 100
INFO  [2025-10-02 15:28:47] --- Used 0.22 seconds. Est. time remaining: 18.13 seconds
INFO  [2025-10-02 15:28:47] - Run 6 of 100
INFO  [2025-10-02 15:28:48] --- Used 0.73 seconds. Est. time remaining: 26.44 seconds
INFO  [2025-10-02 15:28:48] - Run 7 of 100
INFO  [2025-10-02 15:28:48] --- Used 0.15 seconds. Est. time remaining: 24.47 seconds
INFO  [2025-10-02 15:28:48] - Run 8 of 100
INFO  [2025-10-02 15:28:48] --- Used 0.13 seconds. Est. time remaining: 22.69 seconds
INFO  [2025-10-02 15:28:48] - Run 9 of 100
INFO  [2025-10-02 15:28:49] --- Used 0.42 seconds. Est. time remaining: 24.24 seconds
INFO  [2025-10-02 15:28:49] - Run 10 of 100
INFO  [2025-10-02 15:28:49] --- Used 0.09 seconds. Est. time remaining: 22.42 seconds
INFO  [2025-10-02 15:28:49] - Run 11 of 100
INFO  [2025-10-02 15:28:49] --- Used 0.1 seconds. Est. time remaining: 20.93 seconds
INFO  [2025-10-02 15:28:49] - Run 12 of 100
INFO  [2025-10-02 15:28:49] --- Used 0.13 seconds. Est. time remaining: 19.91 seconds
INFO  [2025-10-02 15:28:49] - Run 13 of 100
INFO  [2025-10-02 15:28:49] --- Used 0.09 seconds. Est. time remaining: 18.78 seconds
INFO  [2025-10-02 15:28:49] - Run 14 of 100
INFO  [2025-10-02 15:28:49] --- Used 0.1 seconds. Est. time remaining: 17.83 seconds
INFO  [2025-10-02 15:28:49] - Run 15 of 100
INFO  [2025-10-02 15:28:49] --- Used 0.19 seconds. Est. time remaining: 17.52 seconds
INFO  [2025-10-02 15:28:49] - Run 16 of 100
INFO  [2025-10-02 15:28:50] --- Used 0.32 seconds. Est. time remaining: 17.93 seconds
INFO  [2025-10-02 15:28:50] - Run 17 of 100
INFO  [2025-10-02 15:28:50] --- Used 0.34 seconds. Est. time remaining: 18.34 seconds
INFO  [2025-10-02 15:28:50] - Run 18 of 100
INFO  [2025-10-02 15:28:50] --- Used 0.11 seconds. Est. time remaining: 17.64 seconds
INFO  [2025-10-02 15:28:50] - Run 19 of 100
INFO  [2025-10-02 15:28:50] --- Used 0.11 seconds. Est. time remaining: 16.99 seconds
INFO  [2025-10-02 15:28:50] - Run 20 of 100
INFO  [2025-10-02 15:28:51] --- Used 0.42 seconds. Est. time remaining: 17.62 seconds
INFO  [2025-10-02 15:28:51] - Run 21 of 100
INFO  [2025-10-02 15:28:51] --- Used 0.14 seconds. Est. time remaining: 17.1 seconds
INFO  [2025-10-02 15:28:51] - Run 22 of 100
INFO  [2025-10-02 15:28:51] --- Used 0.11 seconds. Est. time remaining: 16.49 seconds
INFO  [2025-10-02 15:28:51] - Run 23 of 100
INFO  [2025-10-02 15:28:51] --- Used 0.24 seconds. Est. time remaining: 16.36 seconds
INFO  [2025-10-02 15:28:51] - Run 24 of 100
INFO  [2025-10-02 15:28:51] --- Used 0.11 seconds. Est. time remaining: 15.82 seconds
INFO  [2025-10-02 15:28:51] - Run 25 of 100
INFO  [2025-10-02 15:28:52] --- Used 0.62 seconds. Est. time remaining: 16.85 seconds
INFO  [2025-10-02 15:28:52] - Run 26 of 100
INFO  [2025-10-02 15:28:52] --- Used 0.11 seconds. Est. time remaining: 16.29 seconds
INFO  [2025-10-02 15:28:52] - Run 27 of 100
INFO  [2025-10-02 15:28:52] --- Used 0.1 seconds. Est. time remaining: 15.76 seconds
INFO  [2025-10-02 15:28:52] - Run 28 of 100
INFO  [2025-10-02 15:28:52] --- Used 0.16 seconds. Est. time remaining: 15.39 seconds
INFO  [2025-10-02 15:28:52] - Run 29 of 100
INFO  [2025-10-02 15:28:53] --- Used 0.41 seconds. Est. time remaining: 15.67 seconds
INFO  [2025-10-02 15:28:53] - Run 30 of 100
INFO  [2025-10-02 15:28:53] --- Used 0.16 seconds. Est. time remaining: 15.32 seconds
INFO  [2025-10-02 15:28:53] - Run 31 of 100
INFO  [2025-10-02 15:28:53] --- Used 0.33 seconds. Est. time remaining: 15.34 seconds
INFO  [2025-10-02 15:28:53] - Run 32 of 100
INFO  [2025-10-02 15:28:53] --- Used 0.09 seconds. Est. time remaining: 14.85 seconds
INFO  [2025-10-02 15:28:53] - Run 33 of 100
INFO  [2025-10-02 15:28:53] --- Used 0.09 seconds. Est. time remaining: 14.38 seconds
INFO  [2025-10-02 15:28:53] - Run 34 of 100
INFO  [2025-10-02 15:28:54] --- Used 0.43 seconds. Est. time remaining: 14.57 seconds
INFO  [2025-10-02 15:28:54] - Run 35 of 100
INFO  [2025-10-02 15:28:54] --- Used 0.1 seconds. Est. time remaining: 14.13 seconds
INFO  [2025-10-02 15:28:54] - Run 36 of 100
INFO  [2025-10-02 15:28:54] --- Used 0.1 seconds. Est. time remaining: 13.71 seconds
INFO  [2025-10-02 15:28:54] - Run 37 of 100
INFO  [2025-10-02 15:28:54] --- Used 0.13 seconds. Est. time remaining: 13.35 seconds
INFO  [2025-10-02 15:28:54] - Run 38 of 100
INFO  [2025-10-02 15:28:54] --- Used 0.09 seconds. Est. time remaining: 12.94 seconds
INFO  [2025-10-02 15:28:54] - Run 39 of 100
INFO  [2025-10-02 15:28:54] --- Used 0.12 seconds. Est. time remaining: 12.59 seconds
INFO  [2025-10-02 15:28:54] - Run 40 of 100
INFO  [2025-10-02 15:28:54] --- Used 0.16 seconds. Est. time remaining: 12.31 seconds
INFO  [2025-10-02 15:28:54] - Run 41 of 100
INFO  [2025-10-02 15:28:55] --- Used 0.3 seconds. Est. time remaining: 12.25 seconds
INFO  [2025-10-02 15:28:55] - Run 42 of 100
INFO  [2025-10-02 15:28:55] --- Used 0.18 seconds. Est. time remaining: 12 seconds
INFO  [2025-10-02 15:28:55] - Run 43 of 100
INFO  [2025-10-02 15:28:55] --- Used 0.08 seconds. Est. time remaining: 11.63 seconds
INFO  [2025-10-02 15:28:55] - Run 44 of 100
INFO  [2025-10-02 15:28:55] --- Used 0.09 seconds. Est. time remaining: 11.28 seconds
INFO  [2025-10-02 15:28:55] - Run 45 of 100
INFO  [2025-10-02 15:28:55] --- Used 0.12 seconds. Est. time remaining: 10.98 seconds
INFO  [2025-10-02 15:28:55] - Run 46 of 100
INFO  [2025-10-02 15:28:55] --- Used 0.09 seconds. Est. time remaining: 10.65 seconds
INFO  [2025-10-02 15:28:55] - Run 47 of 100
INFO  [2025-10-02 15:28:55] --- Used 0.13 seconds. Est. time remaining: 10.38 seconds
INFO  [2025-10-02 15:28:55] - Run 48 of 100
INFO  [2025-10-02 15:28:56] --- Used 0.36 seconds. Est. time remaining: 10.36 seconds
INFO  [2025-10-02 15:28:56] - Run 49 of 100
INFO  [2025-10-02 15:28:56] --- Used 0.09 seconds. Est. time remaining: 10.06 seconds
INFO  [2025-10-02 15:28:56] - Run 50 of 100
INFO  [2025-10-02 15:28:56] --- Used 0.09 seconds. Est. time remaining: 9.75 seconds
INFO  [2025-10-02 15:28:56] - Run 51 of 100
INFO  [2025-10-02 15:28:56] --- Used 0.13 seconds. Est. time remaining: 9.5 seconds
INFO  [2025-10-02 15:28:56] - Run 52 of 100
INFO  [2025-10-02 15:28:56] --- Used 0.09 seconds. Est. time remaining: 9.21 seconds
INFO  [2025-10-02 15:28:56] - Run 53 of 100
INFO  [2025-10-02 15:28:56] --- Used 0.12 seconds. Est. time remaining: 8.95 seconds
INFO  [2025-10-02 15:28:56] - Run 54 of 100
INFO  [2025-10-02 15:28:57] --- Used 0.41 seconds. Est. time remaining: 8.95 seconds
INFO  [2025-10-02 15:28:57] - Run 55 of 100
INFO  [2025-10-02 15:28:57] --- Used 0.11 seconds. Est. time remaining: 8.68 seconds
INFO  [2025-10-02 15:28:57] - Run 56 of 100
INFO  [2025-10-02 15:28:57] --- Used 0.16 seconds. Est. time remaining: 8.47 seconds
INFO  [2025-10-02 15:28:57] - Run 57 of 100
INFO  [2025-10-02 15:28:57] --- Used 0.08 seconds. Est. time remaining: 8.19 seconds
INFO  [2025-10-02 15:28:57] - Run 58 of 100
INFO  [2025-10-02 15:28:57] --- Used 0.13 seconds. Est. time remaining: 7.96 seconds
INFO  [2025-10-02 15:28:57] - Run 59 of 100
INFO  [2025-10-02 15:28:58] --- Used 0.37 seconds. Est. time remaining: 7.9 seconds
INFO  [2025-10-02 15:28:58] - Run 60 of 100
INFO  [2025-10-02 15:28:58] --- Used 0.08 seconds. Est. time remaining: 7.63 seconds
INFO  [2025-10-02 15:28:58] - Run 61 of 100
INFO  [2025-10-02 15:28:58] --- Used 0.11 seconds. Est. time remaining: 7.39 seconds
INFO  [2025-10-02 15:28:58] - Run 62 of 100
INFO  [2025-10-02 15:28:58] --- Used 0.14 seconds. Est. time remaining: 7.17 seconds
INFO  [2025-10-02 15:28:58] - Run 63 of 100
INFO  [2025-10-02 15:28:58] --- Used 0.09 seconds. Est. time remaining: 6.92 seconds
INFO  [2025-10-02 15:28:58] - Run 64 of 100
INFO  [2025-10-02 15:28:58] --- Used 0.09 seconds. Est. time remaining: 6.68 seconds
INFO  [2025-10-02 15:28:58] - Run 65 of 100
INFO  [2025-10-02 15:28:58] --- Used 0.42 seconds. Est. time remaining: 6.62 seconds
INFO  [2025-10-02 15:28:58] - Run 66 of 100
INFO  [2025-10-02 15:28:59] --- Used 0.16 seconds. Est. time remaining: 6.42 seconds
INFO  [2025-10-02 15:28:59] - Run 67 of 100
INFO  [2025-10-02 15:28:59] --- Used 0.11 seconds. Est. time remaining: 6.19 seconds
INFO  [2025-10-02 15:28:59] - Run 68 of 100
INFO  [2025-10-02 15:28:59] --- Used 0.14 seconds. Est. time remaining: 5.98 seconds
INFO  [2025-10-02 15:28:59] - Run 69 of 100
INFO  [2025-10-02 15:28:59] --- Used 0.09 seconds. Est. time remaining: 5.75 seconds
INFO  [2025-10-02 15:28:59] - Run 70 of 100
INFO  [2025-10-02 15:28:59] --- Used 0.1 seconds. Est. time remaining: 5.53 seconds
INFO  [2025-10-02 15:28:59] - Run 71 of 100
INFO  [2025-10-02 15:28:59] --- Used 0.37 seconds. Est. time remaining: 5.42 seconds
INFO  [2025-10-02 15:28:59] - Run 72 of 100
INFO  [2025-10-02 15:29:00] --- Used 0.13 seconds. Est. time remaining: 5.21 seconds
INFO  [2025-10-02 15:29:00] - Run 73 of 100
INFO  [2025-10-02 15:29:00] --- Used 0.24 seconds. Est. time remaining: 5.04 seconds
INFO  [2025-10-02 15:29:00] - Run 74 of 100
INFO  [2025-10-02 15:29:00] --- Used 0.1 seconds. Est. time remaining: 4.83 seconds
INFO  [2025-10-02 15:29:00] - Run 75 of 100
INFO  [2025-10-02 15:29:00] --- Used 0.08 seconds. Est. time remaining: 4.61 seconds
INFO  [2025-10-02 15:29:00] - Run 76 of 100
INFO  [2025-10-02 15:29:00] --- Used 0.17 seconds. Est. time remaining: 4.42 seconds
INFO  [2025-10-02 15:29:00] - Run 77 of 100
INFO  [2025-10-02 15:29:01] --- Used 0.53 seconds. Est. time remaining: 4.34 seconds
INFO  [2025-10-02 15:29:01] - Run 78 of 100
INFO  [2025-10-02 15:29:01] --- Used 0.21 seconds. Est. time remaining: 4.15 seconds
INFO  [2025-10-02 15:29:01] - Run 79 of 100
INFO  [2025-10-02 15:29:01] --- Used 0.24 seconds. Est. time remaining: 3.98 seconds
INFO  [2025-10-02 15:29:01] - Run 80 of 100
INFO  [2025-10-02 15:29:02] --- Used 0.37 seconds. Est. time remaining: 3.84 seconds
INFO  [2025-10-02 15:29:02] - Run 81 of 100
INFO  [2025-10-02 15:29:02] --- Used 0.24 seconds. Est. time remaining: 3.66 seconds
INFO  [2025-10-02 15:29:02] - Run 82 of 100
INFO  [2025-10-02 15:29:02] --- Used 0.13 seconds. Est. time remaining: 3.45 seconds
INFO  [2025-10-02 15:29:02] - Run 83 of 100
INFO  [2025-10-02 15:29:02] --- Used 0.1 seconds. Est. time remaining: 3.24 seconds
INFO  [2025-10-02 15:29:02] - Run 84 of 100
INFO  [2025-10-02 15:29:02] --- Used 0.17 seconds. Est. time remaining: 3.05 seconds
INFO  [2025-10-02 15:29:02] - Run 85 of 100
INFO  [2025-10-02 15:29:03] --- Used 0.37 seconds. Est. time remaining: 2.89 seconds
INFO  [2025-10-02 15:29:03] - Run 86 of 100
INFO  [2025-10-02 15:29:03] --- Used 0.12 seconds. Est. time remaining: 2.68 seconds
INFO  [2025-10-02 15:29:03] - Run 87 of 100
INFO  [2025-10-02 15:29:03] --- Used 0.31 seconds. Est. time remaining: 2.51 seconds
INFO  [2025-10-02 15:29:03] - Run 88 of 100
INFO  [2025-10-02 15:29:03] --- Used 0.11 seconds. Est. time remaining: 2.3 seconds
INFO  [2025-10-02 15:29:03] - Run 89 of 100
INFO  [2025-10-02 15:29:03] --- Used 0.14 seconds. Est. time remaining: 2.11 seconds
INFO  [2025-10-02 15:29:03] - Run 90 of 100
INFO  [2025-10-02 15:29:04] --- Used 0.92 seconds. Est. time remaining: 2 seconds
INFO  [2025-10-02 15:29:04] - Run 91 of 100
INFO  [2025-10-02 15:29:04] --- Used 0.11 seconds. Est. time remaining: 1.79 seconds
INFO  [2025-10-02 15:29:04] - Run 92 of 100
INFO  [2025-10-02 15:29:05] --- Used 0.5 seconds. Est. time remaining: 1.62 seconds
INFO  [2025-10-02 15:29:05] - Run 93 of 100
INFO  [2025-10-02 15:29:05] --- Used 0.14 seconds. Est. time remaining: 1.41 seconds
INFO  [2025-10-02 15:29:05] - Run 94 of 100
INFO  [2025-10-02 15:29:05] --- Used 0.1 seconds. Est. time remaining: 1.2 seconds
INFO  [2025-10-02 15:29:05] - Run 95 of 100
INFO  [2025-10-02 15:29:05] --- Used 0.15 seconds. Est. time remaining: 1 seconds
INFO  [2025-10-02 15:29:05] - Run 96 of 100
INFO  [2025-10-02 15:29:06] --- Used 0.38 seconds. Est. time remaining: 0.81 seconds
INFO  [2025-10-02 15:29:06] - Run 97 of 100
INFO  [2025-10-02 15:29:06] --- Used 0.13 seconds. Est. time remaining: 0.6 seconds
INFO  [2025-10-02 15:29:06] - Run 98 of 100
INFO  [2025-10-02 15:29:06] --- Used 0.21 seconds. Est. time remaining: 0.4 seconds
INFO  [2025-10-02 15:29:06] - Run 99 of 100
INFO  [2025-10-02 15:29:06] --- Used 0.1 seconds. Est. time remaining: 0.2 seconds
INFO  [2025-10-02 15:29:06] - Run 100 of 100
INFO  [2025-10-02 15:29:06] --- Used 0.19 seconds. Est. time remaining: 0 seconds
INFO  [2025-10-02 15:29:06] Calculating percentiles for score and loading
INFO  [2025-10-02 15:29:07] ==== ALASCA has finished ====
INFO  [2025-10-02 15:29:07] To visualize the model, try `plot(<object>, effect = 1, component = 1, type = 'effect')`
INFO  [2025-10-02 15:29:07] Score plot. Selected effect (nr 1): `day+day:treatment+treatment`. Component: 1.
INFO  [2025-10-02 15:30:26] Prediction plot. Selected effect (nr 1): `day+day:treatment+treatment`. Component: 1.
INFO  [2025-10-02 15:30:26] Selecting the 5 variables with highest/lowest loading on `day+day:treatment+treatment` (PC1). Use `variable` to specify variables to plot
INFO  [2025-10-02 15:30:51] Prediction plot. Selected effect (nr 1): `day+day:treatment+treatment`. Component: 5.
INFO  [2025-10-02 15:30:51] Selecting the 5 variables with highest/lowest loading on `day+day:treatment+treatment` (PC5). Use `variable` to specify variables to plot
INFO  [2025-10-02 15:31:08] Effect plot. Selected effect (nr 1): `day+day:treatment+treatment`. Component: 1.
WARN  [2025-10-02 15:31:08] Showing 20 of 152 variables. Adjust the number with `n_limit`
INFO  [2025-10-02 15:35:35] Effect plot. Selected effect (nr 1): `day+day:treatment+treatment`. Component: 1.
WARN  [2025-10-02 15:35:35] Showing 20 of 152 variables. Adjust the number with `n_limit`
INFO  [2025-10-02 15:35:48] Effect plot. Selected effect (nr 1): `day+day:treatment+treatment`. Component: 1.
WARN  [2025-10-02 15:35:48] Showing 20 of 152 variables. Adjust the number with `n_limit`
INFO  [2025-10-02 15:36:00] Effect plot. Selected effect (nr 1): `day+day:treatment+treatment`. Component: 1.
WARN  [2025-10-02 15:36:00] Showing 20 of 152 variables. Adjust the number with `n_limit`
INFO  [2025-10-02 15:36:10] Effect plot. Selected effect (nr 1): `day+day:treatment+treatment`. Component: 1.
WARN  [2025-10-02 15:36:10] Showing 20 of 152 variables. Adjust the number with `n_limit`
INFO  [2025-10-02 15:37:08] Effect plot. Selected effect (nr 1): `day+day:treatment+treatment`. Component: 1.
WARN  [2025-10-02 15:37:08] Showing 20 of 152 variables. Adjust the number with `n_limit`
INFO  [2025-10-02 15:39:30] Effect plot. Selected effect (nr 1): `day+day:treatment+treatment`. Component: 1 and 2 and 3 and 4 and 5.
WARN  [2025-10-02 15:39:30] Showing 20 of 152 variables. Adjust the number with `n_limit`
WARN  [2025-10-02 15:39:31] Showing 20 of 152 variables. Adjust the number with `n_limit`
WARN  [2025-10-02 15:39:31] Showing 20 of 152 variables. Adjust the number with `n_limit`
WARN  [2025-10-02 15:39:32] Showing 20 of 152 variables. Adjust the number with `n_limit`
WARN  [2025-10-02 15:39:32] Showing 20 of 152 variables. Adjust the number with `n_limit`
INFO  [2025-10-02 15:40:03] Effect plot. Selected effect (nr 1): `day+day:treatment+treatment`. Component: 1 and 2 and 3 and 4 and 5.
WARN  [2025-10-02 15:40:03] Showing 20 of 152 variables. Adjust the number with `n_limit`
WARN  [2025-10-02 15:40:03] Showing 20 of 152 variables. Adjust the number with `n_limit`
WARN  [2025-10-02 15:40:04] Showing 20 of 152 variables. Adjust the number with `n_limit`
WARN  [2025-10-02 15:40:04] Showing 20 of 152 variables. Adjust the number with `n_limit`
WARN  [2025-10-02 15:40:05] Showing 20 of 152 variables. Adjust the number with `n_limit`
INFO  [2025-10-02 15:42:13] Effect plot. Selected effect (nr 1): `day+day:treatment+treatment`. Component: 1.
WARN  [2025-10-02 15:42:13] Showing 20 of 152 variables. Adjust the number with `n_limit`
INFO  [2025-10-02 15:43:20] Prediction plot. Selected effect (nr 1): `day+day:treatment+treatment`. Component: 1.
INFO  [2025-10-02 15:43:20] Selecting the 5 variables with highest/lowest loading on `day+day:treatment+treatment` (PC1). Use `variable` to specify variables to plot
INFO  [2025-10-02 15:48:05] Effect plot. Selected effect (nr 1): `day+day:treatment+treatment`. Component: 2.
WARN  [2025-10-02 15:48:05] Showing 20 of 152 variables. Adjust the number with `n_limit`
INFO  [2025-10-02 15:48:08] Prediction plot. Selected effect (nr 1): `day+day:treatment+treatment`. Component: 2.
INFO  [2025-10-02 15:48:08] Selecting the 5 variables with highest/lowest loading on `day+day:treatment+treatment` (PC2). Use `variable` to specify variables to plot
