INFO  [2025-10-02 15:21:05] Initializing ALASCA (v1.0.17, 2024-09-13)
WARN  [2025-10-02 15:21:05] Guessing effects: `day+day:treatment+treatment`
INFO  [2025-10-02 15:21:05] Will use linear mixed models!
INFO  [2025-10-02 15:21:05] Will use Rfast!
WARN  [2025-10-02 15:21:05] Converting IDs to integer values
WARN  [2025-10-02 15:21:05] The `day` column is used for stratification
WARN  [2025-10-02 15:21:05] Converting `character` columns to factors
INFO  [2025-10-02 15:21:05] Scaling data with sdall ...
INFO  [2025-10-02 15:21:05] Calculating LMM coefficients
INFO  [2025-10-02 15:21:05] Reducing the number of dimensions with PCA
INFO  [2025-10-02 15:21:05] Keeping 41 components from initial PCA, explaining 95.12 % of variation. The limit can be changed with `reduce_dimensions.limit`
INFO  [2025-10-02 15:21:05] -> Finished the reduction of dimensions!
WARN  [2025-10-02 15:21:05] Keeping 20 of 41 components. Change `max_PC` if necessary.
INFO  [2025-10-02 15:21:05] Starting validation: bootstrap
INFO  [2025-10-02 15:21:05] - Run 1 of 100
INFO  [2025-10-02 15:21:05] --- Used 0.13 seconds. Est. time remaining: 13.25 seconds
INFO  [2025-10-02 15:21:05] - Run 2 of 100
INFO  [2025-10-02 15:21:05] --- Used 0.15 seconds. Est. time remaining: 14.03 seconds
INFO  [2025-10-02 15:21:05] - Run 3 of 100
INFO  [2025-10-02 15:21:06] --- Used 0.76 seconds. Est. time remaining: 33.91 seconds
INFO  [2025-10-02 15:21:06] - Run 4 of 100
INFO  [2025-10-02 15:21:06] --- Used 0.15 seconds. Est. time remaining: 28.84 seconds
INFO  [2025-10-02 15:21:06] - Run 5 of 100
INFO  [2025-10-02 15:21:07] --- Used 0.29 seconds. Est. time remaining: 28.43 seconds
INFO  [2025-10-02 15:21:07] - Run 6 of 100
INFO  [2025-10-02 15:21:07] --- Used 0.3 seconds. Est. time remaining: 28.1 seconds
INFO  [2025-10-02 15:21:07] - Run 7 of 100
INFO  [2025-10-02 15:21:07] --- Used 0.1 seconds. Est. time remaining: 25.2 seconds
INFO  [2025-10-02 15:21:07] - Run 8 of 100
INFO  [2025-10-02 15:21:07] --- Used 0.15 seconds. Est. time remaining: 23.52 seconds
INFO  [2025-10-02 15:21:07] - Run 9 of 100
INFO  [2025-10-02 15:21:07] --- Used 0.15 seconds. Est. time remaining: 22.16 seconds
INFO  [2025-10-02 15:21:07] - Run 10 of 100
INFO  [2025-10-02 15:21:07] --- Used 0.11 seconds. Est. time remaining: 20.74 seconds
INFO  [2025-10-02 15:21:07] - Run 11 of 100
INFO  [2025-10-02 15:21:08] --- Used 0.48 seconds. Est. time remaining: 22.54 seconds
INFO  [2025-10-02 15:21:08] - Run 12 of 100
INFO  [2025-10-02 15:21:08] --- Used 0.12 seconds. Est. time remaining: 21.32 seconds
INFO  [2025-10-02 15:21:08] - Run 13 of 100
INFO  [2025-10-02 15:21:08] --- Used 0.12 seconds. Est. time remaining: 20.24 seconds
INFO  [2025-10-02 15:21:08] - Run 14 of 100
INFO  [2025-10-02 15:21:08] --- Used 0.12 seconds. Est. time remaining: 19.33 seconds
INFO  [2025-10-02 15:21:08] - Run 15 of 100
INFO  [2025-10-02 15:21:08] --- Used 0.09 seconds. Est. time remaining: 18.34 seconds
INFO  [2025-10-02 15:21:08] - Run 16 of 100
INFO  [2025-10-02 15:21:08] --- Used 0.09 seconds. Est. time remaining: 17.46 seconds
INFO  [2025-10-02 15:21:08] - Run 17 of 100
INFO  [2025-10-02 15:21:09] --- Used 0.36 seconds. Est. time remaining: 18.01 seconds
INFO  [2025-10-02 15:21:09] - Run 18 of 100
INFO  [2025-10-02 15:21:09] --- Used 0.11 seconds. Est. time remaining: 17.32 seconds
INFO  [2025-10-02 15:21:09] - Run 19 of 100
INFO  [2025-10-02 15:21:09] --- Used 0.1 seconds. Est. time remaining: 16.65 seconds
INFO  [2025-10-02 15:21:09] - Run 20 of 100
INFO  [2025-10-02 15:21:09] --- Used 0.14 seconds. Est. time remaining: 16.18 seconds
INFO  [2025-10-02 15:21:09] - Run 21 of 100
INFO  [2025-10-02 15:21:09] --- Used 0.1 seconds. Est. time remaining: 15.59 seconds
INFO  [2025-10-02 15:21:09] - Run 22 of 100
INFO  [2025-10-02 15:21:09] --- Used 0.13 seconds. Est. time remaining: 15.16 seconds
INFO  [2025-10-02 15:21:09] - Run 23 of 100
INFO  [2025-10-02 15:21:10] --- Used 0.22 seconds. Est. time remaining: 15.05 seconds
INFO  [2025-10-02 15:21:10] - Run 24 of 100
INFO  [2025-10-02 15:21:10] --- Used 0.32 seconds. Est. time remaining: 15.27 seconds
INFO  [2025-10-02 15:21:10] - Run 25 of 100
INFO  [2025-10-02 15:21:10] --- Used 0.2 seconds. Est. time remaining: 15.06 seconds
INFO  [2025-10-02 15:21:10] - Run 26 of 100
INFO  [2025-10-02 15:21:10] --- Used 0.21 seconds. Est. time remaining: 14.89 seconds
INFO  [2025-10-02 15:21:10] - Run 27 of 100
INFO  [2025-10-02 15:21:10] --- Used 0.12 seconds. Est. time remaining: 14.47 seconds
INFO  [2025-10-02 15:21:10] - Run 28 of 100
INFO  [2025-10-02 15:21:11] --- Used 0.38 seconds. Est. time remaining: 14.74 seconds
INFO  [2025-10-02 15:21:11] - Run 29 of 100
INFO  [2025-10-02 15:21:11] --- Used 0.1 seconds. Est. time remaining: 14.28 seconds
INFO  [2025-10-02 15:21:11] - Run 30 of 100
INFO  [2025-10-02 15:21:11] --- Used 0.1 seconds. Est. time remaining: 13.84 seconds
INFO  [2025-10-02 15:21:11] - Run 31 of 100
INFO  [2025-10-02 15:21:11] --- Used 0.2 seconds. Est. time remaining: 13.65 seconds
INFO  [2025-10-02 15:21:11] - Run 32 of 100
INFO  [2025-10-02 15:21:11] --- Used 0.12 seconds. Est. time remaining: 13.28 seconds
INFO  [2025-10-02 15:21:11] - Run 33 of 100
INFO  [2025-10-02 15:21:11] --- Used 0.12 seconds. Est. time remaining: 12.94 seconds
INFO  [2025-10-02 15:21:11] - Run 34 of 100
INFO  [2025-10-02 15:21:12] --- Used 0.39 seconds. Est. time remaining: 13.13 seconds
INFO  [2025-10-02 15:21:12] - Run 35 of 100
INFO  [2025-10-02 15:21:12] --- Used 0.1 seconds. Est. time remaining: 12.75 seconds
INFO  [2025-10-02 15:21:12] - Run 36 of 100
INFO  [2025-10-02 15:21:12] --- Used 0.1 seconds. Est. time remaining: 12.38 seconds
INFO  [2025-10-02 15:21:12] - Run 37 of 100
INFO  [2025-10-02 15:21:12] --- Used 0.18 seconds. Est. time remaining: 12.17 seconds
INFO  [2025-10-02 15:21:12] - Run 38 of 100
INFO  [2025-10-02 15:21:12] --- Used 0.14 seconds. Est. time remaining: 11.88 seconds
INFO  [2025-10-02 15:21:12] - Run 39 of 100
INFO  [2025-10-02 15:21:12] --- Used 0.12 seconds. Est. time remaining: 11.58 seconds
INFO  [2025-10-02 15:21:12] - Run 40 of 100
INFO  [2025-10-02 15:21:13] --- Used 0.46 seconds. Est. time remaining: 11.79 seconds
INFO  [2025-10-02 15:21:13] - Run 41 of 100
INFO  [2025-10-02 15:21:13] --- Used 0.2 seconds. Est. time remaining: 11.6 seconds
INFO  [2025-10-02 15:21:13] - Run 42 of 100
INFO  [2025-10-02 15:21:13] --- Used 0.16 seconds. Est. time remaining: 11.35 seconds
INFO  [2025-10-02 15:21:13] - Run 43 of 100
INFO  [2025-10-02 15:21:14] --- Used 0.24 seconds. Est. time remaining: 11.22 seconds
INFO  [2025-10-02 15:21:14] - Run 44 of 100
INFO  [2025-10-02 15:21:14] --- Used 0.38 seconds. Est. time remaining: 11.26 seconds
INFO  [2025-10-02 15:21:14] - Run 45 of 100
INFO  [2025-10-02 15:21:14] --- Used 0.3 seconds. Est. time remaining: 11.19 seconds
INFO  [2025-10-02 15:21:14] - Run 46 of 100
INFO  [2025-10-02 15:21:14] --- Used 0.14 seconds. Est. time remaining: 10.91 seconds
INFO  [2025-10-02 15:21:14] - Run 47 of 100
INFO  [2025-10-02 15:21:14] --- Used 0.13 seconds. Est. time remaining: 10.63 seconds
INFO  [2025-10-02 15:21:14] - Run 48 of 100
INFO  [2025-10-02 15:21:15] --- Used 0.48 seconds. Est. time remaining: 10.73 seconds
INFO  [2025-10-02 15:21:15] - Run 49 of 100
INFO  [2025-10-02 15:21:15] --- Used 0.15 seconds. Est. time remaining: 10.47 seconds
INFO  [2025-10-02 15:21:15] - Run 50 of 100
INFO  [2025-10-02 15:21:15] --- Used 0.16 seconds. Est. time remaining: 10.22 seconds
INFO  [2025-10-02 15:21:15] - Run 51 of 100
INFO  [2025-10-02 15:21:16] --- Used 0.25 seconds. Est. time remaining: 10.05 seconds
INFO  [2025-10-02 15:21:16] - Run 52 of 100
INFO  [2025-10-02 15:21:16] --- Used 0.38 seconds. Est. time remaining: 10.02 seconds
INFO  [2025-10-02 15:21:16] - Run 53 of 100
INFO  [2025-10-02 15:21:16] --- Used 0.16 seconds. Est. time remaining: 9.76 seconds
INFO  [2025-10-02 15:21:16] - Run 54 of 100
INFO  [2025-10-02 15:21:16] --- Used 0.25 seconds. Est. time remaining: 9.59 seconds
INFO  [2025-10-02 15:21:16] - Run 55 of 100
INFO  [2025-10-02 15:21:16] --- Used 0.09 seconds. Est. time remaining: 9.29 seconds
INFO  [2025-10-02 15:21:16] - Run 56 of 100
INFO  [2025-10-02 15:21:17] --- Used 0.2 seconds. Est. time remaining: 9.08 seconds
INFO  [2025-10-02 15:21:17] - Run 57 of 100
INFO  [2025-10-02 15:21:17] --- Used 0.38 seconds. Est. time remaining: 9.01 seconds
INFO  [2025-10-02 15:21:17] - Run 58 of 100
INFO  [2025-10-02 15:21:17] --- Used 0.1 seconds. Est. time remaining: 8.72 seconds
INFO  [2025-10-02 15:21:17] - Run 59 of 100
INFO  [2025-10-02 15:21:17] --- Used 0.13 seconds. Est. time remaining: 8.46 seconds
INFO  [2025-10-02 15:21:17] - Run 60 of 100
INFO  [2025-10-02 15:21:17] --- Used 0.13 seconds. Est. time remaining: 8.2 seconds
INFO  [2025-10-02 15:21:17] - Run 61 of 100
INFO  [2025-10-02 15:21:17] --- Used 0.08 seconds. Est. time remaining: 7.92 seconds
INFO  [2025-10-02 15:21:17] - Run 62 of 100
INFO  [2025-10-02 15:21:18] --- Used 0.09 seconds. Est. time remaining: 7.65 seconds
INFO  [2025-10-02 15:21:18] - Run 63 of 100
INFO  [2025-10-02 15:21:18] --- Used 0.38 seconds. Est. time remaining: 7.55 seconds
INFO  [2025-10-02 15:21:18] - Run 64 of 100
INFO  [2025-10-02 15:21:18] --- Used 0.09 seconds. Est. time remaining: 7.28 seconds
INFO  [2025-10-02 15:21:18] - Run 65 of 100
INFO  [2025-10-02 15:21:18] --- Used 0.1 seconds. Est. time remaining: 7.03 seconds
INFO  [2025-10-02 15:21:18] - Run 66 of 100
INFO  [2025-10-02 15:21:18] --- Used 0.12 seconds. Est. time remaining: 6.79 seconds
INFO  [2025-10-02 15:21:18] - Run 67 of 100
INFO  [2025-10-02 15:21:18] --- Used 0.09 seconds. Est. time remaining: 6.53 seconds
INFO  [2025-10-02 15:21:18] - Run 68 of 100
INFO  [2025-10-02 15:21:18] --- Used 0.09 seconds. Est. time remaining: 6.28 seconds
INFO  [2025-10-02 15:21:18] - Run 69 of 100
INFO  [2025-10-02 15:21:19] --- Used 0.12 seconds. Est. time remaining: 6.05 seconds
INFO  [2025-10-02 15:21:19] - Run 70 of 100
INFO  [2025-10-02 15:21:19] --- Used 0.09 seconds. Est. time remaining: 5.81 seconds
INFO  [2025-10-02 15:21:19] - Run 71 of 100
INFO  [2025-10-02 15:21:19] --- Used 0.39 seconds. Est. time remaining: 5.7 seconds
INFO  [2025-10-02 15:21:19] - Run 72 of 100
INFO  [2025-10-02 15:21:19] --- Used 0.17 seconds. Est. time remaining: 5.49 seconds
INFO  [2025-10-02 15:21:19] - Run 73 of 100
INFO  [2025-10-02 15:21:19] --- Used 0.1 seconds. Est. time remaining: 5.26 seconds
INFO  [2025-10-02 15:21:19] - Run 74 of 100
INFO  [2025-10-02 15:21:19] --- Used 0.09 seconds. Est. time remaining: 5.03 seconds
INFO  [2025-10-02 15:21:19] - Run 75 of 100
INFO  [2025-10-02 15:21:19] --- Used 0.12 seconds. Est. time remaining: 4.81 seconds
INFO  [2025-10-02 15:21:19] - Run 76 of 100
INFO  [2025-10-02 15:21:20] --- Used 0.09 seconds. Est. time remaining: 4.58 seconds
INFO  [2025-10-02 15:21:20] - Run 77 of 100
INFO  [2025-10-02 15:21:20] --- Used 0.11 seconds. Est. time remaining: 4.37 seconds
INFO  [2025-10-02 15:21:20] - Run 78 of 100
INFO  [2025-10-02 15:21:20] --- Used 0.09 seconds. Est. time remaining: 4.15 seconds
INFO  [2025-10-02 15:21:20] - Run 79 of 100
INFO  [2025-10-02 15:21:20] --- Used 0.08 seconds. Est. time remaining: 3.93 seconds
INFO  [2025-10-02 15:21:20] - Run 80 of 100
INFO  [2025-10-02 15:21:20] --- Used 0.11 seconds. Est. time remaining: 3.72 seconds
INFO  [2025-10-02 15:21:20] - Run 81 of 100
INFO  [2025-10-02 15:21:20] --- Used 0.09 seconds. Est. time remaining: 3.52 seconds
INFO  [2025-10-02 15:21:20] - Run 82 of 100
INFO  [2025-10-02 15:21:20] --- Used 0.09 seconds. Est. time remaining: 3.31 seconds
INFO  [2025-10-02 15:21:20] - Run 83 of 100
INFO  [2025-10-02 15:21:20] --- Used 0.13 seconds. Est. time remaining: 3.12 seconds
INFO  [2025-10-02 15:21:20] - Run 84 of 100
INFO  [2025-10-02 15:21:20] --- Used 0.1 seconds. Est. time remaining: 2.92 seconds
INFO  [2025-10-02 15:21:20] - Run 85 of 100
INFO  [2025-10-02 15:21:21] --- Used 0.41 seconds. Est. time remaining: 2.77 seconds
INFO  [2025-10-02 15:21:21] - Run 86 of 100
INFO  [2025-10-02 15:21:21] --- Used 0.2 seconds. Est. time remaining: 2.59 seconds
INFO  [2025-10-02 15:21:21] - Run 87 of 100
INFO  [2025-10-02 15:21:21] --- Used 0.1 seconds. Est. time remaining: 2.39 seconds
INFO  [2025-10-02 15:21:21] - Run 88 of 100
INFO  [2025-10-02 15:21:21] --- Used 0.1 seconds. Est. time remaining: 2.2 seconds
INFO  [2025-10-02 15:21:21] - Run 89 of 100
INFO  [2025-10-02 15:21:21] --- Used 0.16 seconds. Est. time remaining: 2.01 seconds
INFO  [2025-10-02 15:21:21] - Run 90 of 100
INFO  [2025-10-02 15:21:22] --- Used 0.16 seconds. Est. time remaining: 1.83 seconds
INFO  [2025-10-02 15:21:22] - Run 91 of 100
INFO  [2025-10-02 15:21:22] --- Used 0.31 seconds. Est. time remaining: 1.66 seconds
INFO  [2025-10-02 15:21:22] - Run 92 of 100
INFO  [2025-10-02 15:21:22] --- Used 0.16 seconds. Est. time remaining: 1.47 seconds
INFO  [2025-10-02 15:21:22] - Run 93 of 100
INFO  [2025-10-02 15:21:22] --- Used 0.1 seconds. Est. time remaining: 1.28 seconds
INFO  [2025-10-02 15:21:22] - Run 94 of 100
INFO  [2025-10-02 15:21:22] --- Used 0.1 seconds. Est. time remaining: 1.09 seconds
INFO  [2025-10-02 15:21:22] - Run 95 of 100
INFO  [2025-10-02 15:21:22] --- Used 0.15 seconds. Est. time remaining: 0.91 seconds
INFO  [2025-10-02 15:21:22] - Run 96 of 100
INFO  [2025-10-02 15:21:23] --- Used 0.17 seconds. Est. time remaining: 0.73 seconds
INFO  [2025-10-02 15:21:23] - Run 97 of 100
INFO  [2025-10-02 15:21:23] --- Used 0.32 seconds. Est. time remaining: 0.55 seconds
INFO  [2025-10-02 15:21:23] - Run 98 of 100
INFO  [2025-10-02 15:21:23] --- Used 0.21 seconds. Est. time remaining: 0.37 seconds
INFO  [2025-10-02 15:21:23] - Run 99 of 100
INFO  [2025-10-02 15:21:23] --- Used 0.17 seconds. Est. time remaining: 0.18 seconds
INFO  [2025-10-02 15:21:23] - Run 100 of 100
INFO  [2025-10-02 15:21:24] --- Used 0.36 seconds. Est. time remaining: 0 seconds
INFO  [2025-10-02 15:21:24] Calculating percentiles for score and loading
INFO  [2025-10-02 15:21:24] ==== ALASCA has finished ====
INFO  [2025-10-02 15:21:24] To visualize the model, try `plot(<object>, effect = 1, component = 1, type = 'effect')`
INFO  [2025-10-02 15:21:30] Scree plot. Selected effect (nr 1): `day+day:treatment+treatment`. Component: 1 and 2 and 3 and 4 and 5 and 6.
INFO  [2025-10-02 15:21:41] Scree plot. Selected effect (nr 1): `day+day:treatment+treatment`. Component: 1 and 2 and 3 and 4 and 5 and 6.
INFO  [2025-10-02 15:21:45] Score plot. Selected effect (nr 1): `day+day:treatment+treatment`. Component: 1.
