INFO  [2025-10-02 15:25:40] Initializing ALASCA (v1.0.17, 2024-09-13)
WARN  [2025-10-02 15:25:40] Guessing effects: `day+day:treatment+treatment`
INFO  [2025-10-02 15:25:40] Will use linear mixed models!
INFO  [2025-10-02 15:25:40] Will use Rfast!
WARN  [2025-10-02 15:25:40] Converting IDs to integer values
WARN  [2025-10-02 15:25:40] The `day` column is used for stratification
WARN  [2025-10-02 15:25:40] Converting `character` columns to factors
INFO  [2025-10-02 15:25:40] Scaling data with sdall ...
INFO  [2025-10-02 15:25:40] Calculating LMM coefficients
INFO  [2025-10-02 15:25:40] Reducing the number of dimensions with PCA
INFO  [2025-10-02 15:25:41] Keeping 42 components from initial PCA, explaining 95.3 % of variation. The limit can be changed with `reduce_dimensions.limit`
INFO  [2025-10-02 15:25:41] -> Finished the reduction of dimensions!
WARN  [2025-10-02 15:25:41] Keeping 20 of 42 components. Change `max_PC` if necessary.
INFO  [2025-10-02 15:25:41] Starting validation: bootstrap
INFO  [2025-10-02 15:25:41] - Run 1 of 100
INFO  [2025-10-02 15:25:41] --- Used 0.52 seconds. Est. time remaining: 52.39 seconds
INFO  [2025-10-02 15:25:41] - Run 2 of 100
INFO  [2025-10-02 15:25:41] --- Used 0.11 seconds. Est. time remaining: 31.15 seconds
INFO  [2025-10-02 15:25:41] - Run 3 of 100
INFO  [2025-10-02 15:25:41] --- Used 0.11 seconds. Est. time remaining: 24.04 seconds
INFO  [2025-10-02 15:25:41] - Run 4 of 100
INFO  [2025-10-02 15:25:42] --- Used 0.14 seconds. Est. time remaining: 21.32 seconds
INFO  [2025-10-02 15:25:42] - Run 5 of 100
INFO  [2025-10-02 15:25:42] --- Used 0.14 seconds. Est. time remaining: 19.57 seconds
INFO  [2025-10-02 15:25:42] - Run 6 of 100
INFO  [2025-10-02 15:25:42] --- Used 0.58 seconds. Est. time remaining: 25.25 seconds
INFO  [2025-10-02 15:25:42] - Run 7 of 100
INFO  [2025-10-02 15:25:42] --- Used 0.15 seconds. Est. time remaining: 23.35 seconds
INFO  [2025-10-02 15:25:42] - Run 8 of 100
INFO  [2025-10-02 15:25:42] --- Used 0.09 seconds. Est. time remaining: 21.26 seconds
INFO  [2025-10-02 15:25:42] - Run 9 of 100
INFO  [2025-10-02 15:25:43] --- Used 0.09 seconds. Est. time remaining: 19.57 seconds
INFO  [2025-10-02 15:25:43] - Run 10 of 100
INFO  [2025-10-02 15:25:43] --- Used 0.35 seconds. Est. time remaining: 20.65 seconds
INFO  [2025-10-02 15:25:43] - Run 11 of 100
INFO  [2025-10-02 15:25:43] --- Used 0.18 seconds. Est. time remaining: 20 seconds
INFO  [2025-10-02 15:25:43] - Run 12 of 100
INFO  [2025-10-02 15:25:43] --- Used 0.14 seconds. Est. time remaining: 19.12 seconds
INFO  [2025-10-02 15:25:43] - Run 13 of 100
INFO  [2025-10-02 15:25:43] --- Used 0.09 seconds. Est. time remaining: 18.05 seconds
INFO  [2025-10-02 15:25:43] - Run 14 of 100
INFO  [2025-10-02 15:25:43] --- Used 0.09 seconds. Est. time remaining: 17.14 seconds
INFO  [2025-10-02 15:25:43] - Run 15 of 100
INFO  [2025-10-02 15:25:44] --- Used 0.12 seconds. Est. time remaining: 16.51 seconds
INFO  [2025-10-02 15:25:44] - Run 16 of 100
INFO  [2025-10-02 15:25:44] --- Used 0.09 seconds. Est. time remaining: 15.76 seconds
INFO  [2025-10-02 15:25:44] - Run 17 of 100
INFO  [2025-10-02 15:25:44] --- Used 0.09 seconds. Est. time remaining: 15.09 seconds
INFO  [2025-10-02 15:25:44] - Run 18 of 100
INFO  [2025-10-02 15:25:44] --- Used 0.12 seconds. Est. time remaining: 14.62 seconds
INFO  [2025-10-02 15:25:44] - Run 19 of 100
INFO  [2025-10-02 15:25:44] --- Used 0.09 seconds. Est. time remaining: 14.06 seconds
INFO  [2025-10-02 15:25:44] - Run 20 of 100
INFO  [2025-10-02 15:25:44] --- Used 0.11 seconds. Est. time remaining: 13.66 seconds
INFO  [2025-10-02 15:25:44] - Run 21 of 100
INFO  [2025-10-02 15:25:44] --- Used 0.12 seconds. Est. time remaining: 13.3 seconds
INFO  [2025-10-02 15:25:44] - Run 22 of 100
INFO  [2025-10-02 15:25:44] --- Used 0.09 seconds. Est. time remaining: 12.85 seconds
INFO  [2025-10-02 15:25:44] - Run 23 of 100
INFO  [2025-10-02 15:25:44] --- Used 0.09 seconds. Est. time remaining: 12.44 seconds
INFO  [2025-10-02 15:25:44] - Run 24 of 100
INFO  [2025-10-02 15:25:45] --- Used 0.17 seconds. Est. time remaining: 12.3 seconds
INFO  [2025-10-02 15:25:45] - Run 25 of 100
INFO  [2025-10-02 15:25:45] --- Used 0.31 seconds. Est. time remaining: 12.58 seconds
INFO  [2025-10-02 15:25:45] - Run 26 of 100
INFO  [2025-10-02 15:25:45] --- Used 0.25 seconds. Est. time remaining: 12.65 seconds
INFO  [2025-10-02 15:25:45] - Run 27 of 100
INFO  [2025-10-02 15:25:45] --- Used 0.11 seconds. Est. time remaining: 12.31 seconds
INFO  [2025-10-02 15:25:45] - Run 28 of 100
INFO  [2025-10-02 15:25:45] --- Used 0.08 seconds. Est. time remaining: 11.91 seconds
INFO  [2025-10-02 15:25:45] - Run 29 of 100
INFO  [2025-10-02 15:25:45] --- Used 0.09 seconds. Est. time remaining: 11.56 seconds
INFO  [2025-10-02 15:25:45] - Run 30 of 100
INFO  [2025-10-02 15:25:46] --- Used 0.17 seconds. Est. time remaining: 11.43 seconds
INFO  [2025-10-02 15:25:46] - Run 31 of 100
INFO  [2025-10-02 15:25:46] --- Used 0.31 seconds. Est. time remaining: 11.58 seconds
INFO  [2025-10-02 15:25:46] - Run 32 of 100
INFO  [2025-10-02 15:25:46] --- Used 0.13 seconds. Est. time remaining: 11.34 seconds
INFO  [2025-10-02 15:25:46] - Run 33 of 100
INFO  [2025-10-02 15:25:46] --- Used 0.13 seconds. Est. time remaining: 11.1 seconds
INFO  [2025-10-02 15:25:46] - Run 34 of 100
INFO  [2025-10-02 15:25:46] --- Used 0.14 seconds. Est. time remaining: 10.89 seconds
INFO  [2025-10-02 15:25:46] - Run 35 of 100
INFO  [2025-10-02 15:25:46] --- Used 0.12 seconds. Est. time remaining: 10.65 seconds
INFO  [2025-10-02 15:25:46] - Run 36 of 100
INFO  [2025-10-02 15:25:47] --- Used 0.14 seconds. Est. time remaining: 10.45 seconds
INFO  [2025-10-02 15:25:47] - Run 37 of 100
INFO  [2025-10-02 15:25:47] --- Used 0.3 seconds. Est. time remaining: 10.52 seconds
INFO  [2025-10-02 15:25:47] - Run 38 of 100
INFO  [2025-10-02 15:25:47] --- Used 0.62 seconds. Est. time remaining: 11.1 seconds
INFO  [2025-10-02 15:25:47] - Run 39 of 100
INFO  [2025-10-02 15:25:48] --- Used 0.36 seconds. Est. time remaining: 11.2 seconds
INFO  [2025-10-02 15:25:48] - Run 40 of 100
INFO  [2025-10-02 15:25:48] --- Used 0.11 seconds. Est. time remaining: 10.91 seconds
INFO  [2025-10-02 15:25:48] - Run 41 of 100
INFO  [2025-10-02 15:25:48] --- Used 0.12 seconds. Est. time remaining: 10.64 seconds
INFO  [2025-10-02 15:25:48] - Run 42 of 100
INFO  [2025-10-02 15:25:48] --- Used 0.09 seconds. Est. time remaining: 10.34 seconds
INFO  [2025-10-02 15:25:48] - Run 43 of 100
INFO  [2025-10-02 15:25:48] --- Used 0.09 seconds. Est. time remaining: 10.05 seconds
INFO  [2025-10-02 15:25:48] - Run 44 of 100
INFO  [2025-10-02 15:25:48] --- Used 0.11 seconds. Est. time remaining: 9.79 seconds
INFO  [2025-10-02 15:25:48] - Run 45 of 100
INFO  [2025-10-02 15:25:48] --- Used 0.09 seconds. Est. time remaining: 9.51 seconds
INFO  [2025-10-02 15:25:48] - Run 46 of 100
INFO  [2025-10-02 15:25:48] --- Used 0.09 seconds. Est. time remaining: 9.24 seconds
INFO  [2025-10-02 15:25:48] - Run 47 of 100
INFO  [2025-10-02 15:25:49] --- Used 0.4 seconds. Est. time remaining: 9.33 seconds
INFO  [2025-10-02 15:25:49] - Run 48 of 100
INFO  [2025-10-02 15:25:49] --- Used 0.15 seconds. Est. time remaining: 9.12 seconds
INFO  [2025-10-02 15:25:49] - Run 49 of 100
INFO  [2025-10-02 15:25:49] --- Used 0.11 seconds. Est. time remaining: 8.88 seconds
INFO  [2025-10-02 15:25:49] - Run 50 of 100
INFO  [2025-10-02 15:25:49] --- Used 0.14 seconds. Est. time remaining: 8.66 seconds
INFO  [2025-10-02 15:25:49] - Run 51 of 100
INFO  [2025-10-02 15:25:49] --- Used 0.1 seconds. Est. time remaining: 8.42 seconds
INFO  [2025-10-02 15:25:49] - Run 52 of 100
INFO  [2025-10-02 15:25:49] --- Used 0.09 seconds. Est. time remaining: 8.17 seconds
INFO  [2025-10-02 15:25:49] - Run 53 of 100
INFO  [2025-10-02 15:25:50] --- Used 0.37 seconds. Est. time remaining: 8.18 seconds
INFO  [2025-10-02 15:25:50] - Run 54 of 100
INFO  [2025-10-02 15:25:50] --- Used 0.11 seconds. Est. time remaining: 7.95 seconds
INFO  [2025-10-02 15:25:50] - Run 55 of 100
INFO  [2025-10-02 15:25:50] --- Used 0.1 seconds. Est. time remaining: 7.72 seconds
INFO  [2025-10-02 15:25:50] - Run 56 of 100
INFO  [2025-10-02 15:25:50] --- Used 0.11 seconds. Est. time remaining: 7.5 seconds
INFO  [2025-10-02 15:25:50] - Run 57 of 100
INFO  [2025-10-02 15:25:50] --- Used 0.08 seconds. Est. time remaining: 7.27 seconds
INFO  [2025-10-02 15:25:50] - Run 58 of 100
INFO  [2025-10-02 15:25:50] --- Used 0.08 seconds. Est. time remaining: 7.04 seconds
INFO  [2025-10-02 15:25:50] - Run 59 of 100
INFO  [2025-10-02 15:25:50] --- Used 0.1 seconds. Est. time remaining: 6.82 seconds
INFO  [2025-10-02 15:25:50] - Run 60 of 100
INFO  [2025-10-02 15:25:51] --- Used 0.08 seconds. Est. time remaining: 6.6 seconds
INFO  [2025-10-02 15:25:51] - Run 61 of 100
INFO  [2025-10-02 15:25:51] --- Used 0.35 seconds. Est. time remaining: 6.55 seconds
INFO  [2025-10-02 15:25:51] - Run 62 of 100
INFO  [2025-10-02 15:25:51] --- Used 0.13 seconds. Est. time remaining: 6.36 seconds
INFO  [2025-10-02 15:25:51] - Run 63 of 100
INFO  [2025-10-02 15:25:51] --- Used 0.09 seconds. Est. time remaining: 6.15 seconds
INFO  [2025-10-02 15:25:51] - Run 64 of 100
INFO  [2025-10-02 15:25:51] --- Used 0.1 seconds. Est. time remaining: 5.95 seconds
INFO  [2025-10-02 15:25:51] - Run 65 of 100
INFO  [2025-10-02 15:25:51] --- Used 0.1 seconds. Est. time remaining: 5.75 seconds
INFO  [2025-10-02 15:25:51] - Run 66 of 100
INFO  [2025-10-02 15:25:51] --- Used 0.09 seconds. Est. time remaining: 5.55 seconds
INFO  [2025-10-02 15:25:51] - Run 67 of 100
INFO  [2025-10-02 15:25:51] --- Used 0.09 seconds. Est. time remaining: 5.35 seconds
INFO  [2025-10-02 15:25:51] - Run 68 of 100
INFO  [2025-10-02 15:25:52] --- Used 0.17 seconds. Est. time remaining: 5.19 seconds
INFO  [2025-10-02 15:25:52] - Run 69 of 100
INFO  [2025-10-02 15:25:52] --- Used 0.31 seconds. Est. time remaining: 5.09 seconds
INFO  [2025-10-02 15:25:52] - Run 70 of 100
INFO  [2025-10-02 15:25:53] --- Used 0.69 seconds. Est. time remaining: 5.16 seconds
INFO  [2025-10-02 15:25:53] - Run 71 of 100
INFO  [2025-10-02 15:25:53] --- Used 0.32 seconds. Est. time remaining: 5.04 seconds
INFO  [2025-10-02 15:25:53] - Run 72 of 100
INFO  [2025-10-02 15:25:53] --- Used 0.1 seconds. Est. time remaining: 4.84 seconds
INFO  [2025-10-02 15:25:53] - Run 73 of 100
INFO  [2025-10-02 15:25:53] --- Used 0.12 seconds. Est. time remaining: 4.65 seconds
INFO  [2025-10-02 15:25:53] - Run 74 of 100
INFO  [2025-10-02 15:25:53] --- Used 0.14 seconds. Est. time remaining: 4.47 seconds
INFO  [2025-10-02 15:25:53] - Run 75 of 100
INFO  [2025-10-02 15:25:53] --- Used 0.09 seconds. Est. time remaining: 4.27 seconds
INFO  [2025-10-02 15:25:53] - Run 76 of 100
INFO  [2025-10-02 15:25:54] --- Used 0.11 seconds. Est. time remaining: 4.08 seconds
INFO  [2025-10-02 15:25:54] - Run 77 of 100
INFO  [2025-10-02 15:25:54] --- Used 0.12 seconds. Est. time remaining: 3.9 seconds
INFO  [2025-10-02 15:25:54] - Run 78 of 100
INFO  [2025-10-02 15:25:54] --- Used 0.31 seconds. Est. time remaining: 3.77 seconds
INFO  [2025-10-02 15:25:54] - Run 79 of 100
INFO  [2025-10-02 15:25:54] --- Used 0.1 seconds. Est. time remaining: 3.58 seconds
INFO  [2025-10-02 15:25:54] - Run 80 of 100
INFO  [2025-10-02 15:25:54] --- Used 0.12 seconds. Est. time remaining: 3.39 seconds
INFO  [2025-10-02 15:25:54] - Run 81 of 100
INFO  [2025-10-02 15:25:54] --- Used 0.09 seconds. Est. time remaining: 3.21 seconds
INFO  [2025-10-02 15:25:54] - Run 82 of 100
INFO  [2025-10-02 15:25:54] --- Used 0.11 seconds. Est. time remaining: 3.02 seconds
INFO  [2025-10-02 15:25:54] - Run 83 of 100
INFO  [2025-10-02 15:25:54] --- Used 0.09 seconds. Est. time remaining: 2.84 seconds
INFO  [2025-10-02 15:25:54] - Run 84 of 100
INFO  [2025-10-02 15:25:55] --- Used 0.09 seconds. Est. time remaining: 2.66 seconds
INFO  [2025-10-02 15:25:55] - Run 85 of 100
INFO  [2025-10-02 15:25:55] --- Used 0.15 seconds. Est. time remaining: 2.49 seconds
INFO  [2025-10-02 15:25:55] - Run 86 of 100
INFO  [2025-10-02 15:25:55] --- Used 0.31 seconds. Est. time remaining: 2.35 seconds
INFO  [2025-10-02 15:25:55] - Run 87 of 100
INFO  [2025-10-02 15:25:55] --- Used 0.13 seconds. Est. time remaining: 2.17 seconds
INFO  [2025-10-02 15:25:55] - Run 88 of 100
INFO  [2025-10-02 15:25:55] --- Used 0.11 seconds. Est. time remaining: 2 seconds
INFO  [2025-10-02 15:25:55] - Run 89 of 100
INFO  [2025-10-02 15:25:55] --- Used 0.09 seconds. Est. time remaining: 1.82 seconds
INFO  [2025-10-02 15:25:55] - Run 90 of 100
INFO  [2025-10-02 15:25:55] --- Used 0.09 seconds. Est. time remaining: 1.65 seconds
INFO  [2025-10-02 15:25:55] - Run 91 of 100
INFO  [2025-10-02 15:25:56] --- Used 0.1 seconds. Est. time remaining: 1.48 seconds
INFO  [2025-10-02 15:25:56] - Run 92 of 100
INFO  [2025-10-02 15:25:56] --- Used 0.09 seconds. Est. time remaining: 1.31 seconds
INFO  [2025-10-02 15:25:56] - Run 93 of 100
INFO  [2025-10-02 15:25:56] --- Used 0.35 seconds. Est. time remaining: 1.16 seconds
INFO  [2025-10-02 15:25:56] - Run 94 of 100
INFO  [2025-10-02 15:25:56] --- Used 0.14 seconds. Est. time remaining: 0.99 seconds
INFO  [2025-10-02 15:25:56] - Run 95 of 100
INFO  [2025-10-02 15:25:56] --- Used 0.1 seconds. Est. time remaining: 0.82 seconds
INFO  [2025-10-02 15:25:56] - Run 96 of 100
INFO  [2025-10-02 15:25:56] --- Used 0.1 seconds. Est. time remaining: 0.66 seconds
INFO  [2025-10-02 15:25:56] - Run 97 of 100
INFO  [2025-10-02 15:25:56] --- Used 0.11 seconds. Est. time remaining: 0.49 seconds
INFO  [2025-10-02 15:25:56] - Run 98 of 100
INFO  [2025-10-02 15:25:57] --- Used 0.09 seconds. Est. time remaining: 0.32 seconds
INFO  [2025-10-02 15:25:57] - Run 99 of 100
INFO  [2025-10-02 15:25:57] --- Used 0.09 seconds. Est. time remaining: 0.16 seconds
INFO  [2025-10-02 15:25:57] - Run 100 of 100
INFO  [2025-10-02 15:25:57] --- Used 0.14 seconds. Est. time remaining: 0 seconds
INFO  [2025-10-02 15:25:57] Calculating percentiles for score and loading
INFO  [2025-10-02 15:25:57] ==== ALASCA has finished ====
INFO  [2025-10-02 15:25:57] To visualize the model, try `plot(<object>, effect = 1, component = 1, type = 'effect')`
INFO  [2025-10-02 15:26:01] Score plot. Selected effect (nr 1): `day+day:treatment+treatment`. Component: 1.
