INFO  [2025-10-03 12:23:55] Initializing ALASCA (v1.0.17, 2024-09-13)
WARN  [2025-10-03 12:23:55] Guessing effects: `treatment`
INFO  [2025-10-03 12:23:55] Will use linear mixed models!
INFO  [2025-10-03 12:23:55] Will use Rfast!
WARN  [2025-10-03 12:23:55] Converting IDs to integer values
WARN  [2025-10-03 12:23:55] The `treatment` column is used for stratification
INFO  [2025-10-03 12:23:55] Scaling data with sdall ...
INFO  [2025-10-03 12:23:55] Calculating LMM coefficients
INFO  [2025-10-03 12:23:55] Reducing the number of dimensions with PCA
INFO  [2025-10-03 12:23:55] Keeping 35 components from initial PCA, explaining 95.06 % of variation. The limit can be changed with `reduce_dimensions.limit`
INFO  [2025-10-03 12:23:55] -> Finished the reduction of dimensions!
WARN  [2025-10-03 12:23:55] Keeping 20 of 35 components. Change `max_PC` if necessary.
INFO  [2025-10-03 12:23:55] Starting validation: bootstrap
INFO  [2025-10-03 12:23:55] - Run 1 of 100
INFO  [2025-10-03 12:23:55] --- Used 0.24 seconds. Est. time remaining: 24.39 seconds
INFO  [2025-10-03 12:23:55] - Run 2 of 100
INFO  [2025-10-03 12:23:56] --- Used 0.17 seconds. Est. time remaining: 20.28 seconds
INFO  [2025-10-03 12:23:56] - Run 3 of 100
INFO  [2025-10-03 12:23:56] --- Used 0.25 seconds. Est. time remaining: 21.38 seconds
INFO  [2025-10-03 12:23:56] - Run 4 of 100
INFO  [2025-10-03 12:23:56] --- Used 0.19 seconds. Est. time remaining: 20.35 seconds
INFO  [2025-10-03 12:23:56] - Run 5 of 100
INFO  [2025-10-03 12:23:56] --- Used 0.12 seconds. Est. time remaining: 18.5 seconds
INFO  [2025-10-03 12:23:56] - Run 6 of 100
INFO  [2025-10-03 12:23:57] --- Used 0.67 seconds. Est. time remaining: 25.73 seconds
INFO  [2025-10-03 12:23:57] - Run 7 of 100
INFO  [2025-10-03 12:23:57] --- Used 0.11 seconds. Est. time remaining: 23.3 seconds
INFO  [2025-10-03 12:23:57] - Run 8 of 100
INFO  [2025-10-03 12:23:57] --- Used 0.11 seconds. Est. time remaining: 21.48 seconds
INFO  [2025-10-03 12:23:57] - Run 9 of 100
INFO  [2025-10-03 12:23:57] --- Used 0.14 seconds. Est. time remaining: 20.36 seconds
INFO  [2025-10-03 12:23:57] - Run 10 of 100
INFO  [2025-10-03 12:23:58] --- Used 0.34 seconds. Est. time remaining: 21.21 seconds
INFO  [2025-10-03 12:23:58] - Run 11 of 100
INFO  [2025-10-03 12:23:58] --- Used 0.15 seconds. Est. time remaining: 20.29 seconds
INFO  [2025-10-03 12:23:58] - Run 12 of 100
INFO  [2025-10-03 12:23:58] --- Used 0.17 seconds. Est. time remaining: 19.64 seconds
INFO  [2025-10-03 12:23:58] - Run 13 of 100
INFO  [2025-10-03 12:23:58] --- Used 0.31 seconds. Est. time remaining: 20.03 seconds
INFO  [2025-10-03 12:23:58] - Run 14 of 100
INFO  [2025-10-03 12:23:59] --- Used 0.37 seconds. Est. time remaining: 20.69 seconds
INFO  [2025-10-03 12:23:59] - Run 15 of 100
INFO  [2025-10-03 12:23:59] --- Used 0.14 seconds. Est. time remaining: 19.88 seconds
INFO  [2025-10-03 12:23:59] - Run 16 of 100
INFO  [2025-10-03 12:24:00] --- Used 1.03 seconds. Est. time remaining: 23.82 seconds
INFO  [2025-10-03 12:24:00] - Run 17 of 100
INFO  [2025-10-03 12:24:00] --- Used 0.1 seconds. Est. time remaining: 22.67 seconds
INFO  [2025-10-03 12:24:00] - Run 18 of 100
INFO  [2025-10-03 12:24:00] --- Used 0.1 seconds. Est. time remaining: 21.61 seconds
INFO  [2025-10-03 12:24:00] - Run 19 of 100
INFO  [2025-10-03 12:24:00] --- Used 0.12 seconds. Est. time remaining: 20.72 seconds
INFO  [2025-10-03 12:24:00] - Run 20 of 100
INFO  [2025-10-03 12:24:00] --- Used 0.1 seconds. Est. time remaining: 19.83 seconds
INFO  [2025-10-03 12:24:00] - Run 21 of 100
INFO  [2025-10-03 12:24:01] --- Used 0.42 seconds. Est. time remaining: 20.25 seconds
INFO  [2025-10-03 12:24:01] - Run 22 of 100
INFO  [2025-10-03 12:24:01] --- Used 0.12 seconds. Est. time remaining: 19.51 seconds
INFO  [2025-10-03 12:24:01] - Run 23 of 100
INFO  [2025-10-03 12:24:01] --- Used 0.11 seconds. Est. time remaining: 18.8 seconds
INFO  [2025-10-03 12:24:01] - Run 24 of 100
INFO  [2025-10-03 12:24:01] --- Used 0.19 seconds. Est. time remaining: 18.39 seconds
INFO  [2025-10-03 12:24:01] - Run 25 of 100
INFO  [2025-10-03 12:24:01] --- Used 0.23 seconds. Est. time remaining: 18.12 seconds
INFO  [2025-10-03 12:24:01] - Run 26 of 100
INFO  [2025-10-03 12:24:02] --- Used 0.37 seconds. Est. time remaining: 18.24 seconds
INFO  [2025-10-03 12:24:02] - Run 27 of 100
INFO  [2025-10-03 12:24:02] --- Used 0.12 seconds. Est. time remaining: 17.65 seconds
INFO  [2025-10-03 12:24:02] - Run 28 of 100
INFO  [2025-10-03 12:24:02] --- Used 0.13 seconds. Est. time remaining: 17.11 seconds
INFO  [2025-10-03 12:24:02] - Run 29 of 100
INFO  [2025-10-03 12:24:02] --- Used 0.09 seconds. Est. time remaining: 16.52 seconds
INFO  [2025-10-03 12:24:02] - Run 30 of 100
INFO  [2025-10-03 12:24:02] --- Used 0.08 seconds. Est. time remaining: 15.94 seconds
INFO  [2025-10-03 12:24:02] - Run 31 of 100
INFO  [2025-10-03 12:24:02] --- Used 0.09 seconds. Est. time remaining: 15.41 seconds
INFO  [2025-10-03 12:24:02] - Run 32 of 100
INFO  [2025-10-03 12:24:02] --- Used 0.15 seconds. Est. time remaining: 15.03 seconds
INFO  [2025-10-03 12:24:02] - Run 33 of 100
INFO  [2025-10-03 12:24:03] --- Used 0.37 seconds. Est. time remaining: 15.12 seconds
INFO  [2025-10-03 12:24:03] - Run 34 of 100
INFO  [2025-10-03 12:24:03] --- Used 0.13 seconds. Est. time remaining: 14.71 seconds
INFO  [2025-10-03 12:24:03] - Run 35 of 100
INFO  [2025-10-03 12:24:03] --- Used 0.21 seconds. Est. time remaining: 14.46 seconds
INFO  [2025-10-03 12:24:03] - Run 36 of 100
INFO  [2025-10-03 12:24:03] --- Used 0.29 seconds. Est. time remaining: 14.36 seconds
INFO  [2025-10-03 12:24:03] - Run 37 of 100
INFO  [2025-10-03 12:24:04] --- Used 0.35 seconds. Est. time remaining: 14.34 seconds
INFO  [2025-10-03 12:24:04] - Run 38 of 100
INFO  [2025-10-03 12:24:04] --- Used 0.11 seconds. Est. time remaining: 13.93 seconds
INFO  [2025-10-03 12:24:04] - Run 39 of 100
INFO  [2025-10-03 12:24:04] --- Used 0.14 seconds. Est. time remaining: 13.58 seconds
INFO  [2025-10-03 12:24:04] - Run 40 of 100
INFO  [2025-10-03 12:24:04] --- Used 0.21 seconds. Est. time remaining: 13.34 seconds
INFO  [2025-10-03 12:24:04] - Run 41 of 100
INFO  [2025-10-03 12:24:04] --- Used 0.35 seconds. Est. time remaining: 13.29 seconds
INFO  [2025-10-03 12:24:04] - Run 42 of 100
INFO  [2025-10-03 12:24:05] --- Used 0.1 seconds. Est. time remaining: 12.9 seconds
INFO  [2025-10-03 12:24:05] - Run 43 of 100
INFO  [2025-10-03 12:24:05] --- Used 0.17 seconds. Est. time remaining: 12.61 seconds
INFO  [2025-10-03 12:24:05] - Run 44 of 100
INFO  [2025-10-03 12:24:05] --- Used 0.11 seconds. Est. time remaining: 12.24 seconds
INFO  [2025-10-03 12:24:05] - Run 45 of 100
INFO  [2025-10-03 12:24:05] --- Used 0.1 seconds. Est. time remaining: 11.88 seconds
INFO  [2025-10-03 12:24:05] - Run 46 of 100
INFO  [2025-10-03 12:24:05] --- Used 0.2 seconds. Est. time remaining: 11.65 seconds
INFO  [2025-10-03 12:24:05] - Run 47 of 100
INFO  [2025-10-03 12:24:06] --- Used 0.52 seconds. Est. time remaining: 11.78 seconds
INFO  [2025-10-03 12:24:06] - Run 48 of 100
INFO  [2025-10-03 12:24:06] --- Used 0.1 seconds. Est. time remaining: 11.43 seconds
INFO  [2025-10-03 12:24:06] - Run 49 of 100
INFO  [2025-10-03 12:24:06] --- Used 0.12 seconds. Est. time remaining: 11.1 seconds
INFO  [2025-10-03 12:24:06] - Run 50 of 100
INFO  [2025-10-03 12:24:06] --- Used 0.31 seconds. Est. time remaining: 10.98 seconds
INFO  [2025-10-03 12:24:06] - Run 51 of 100
INFO  [2025-10-03 12:24:07] --- Used 0.31 seconds. Est. time remaining: 10.85 seconds
INFO  [2025-10-03 12:24:07] - Run 52 of 100
INFO  [2025-10-03 12:24:07] --- Used 0.15 seconds. Est. time remaining: 10.56 seconds
INFO  [2025-10-03 12:24:07] - Run 53 of 100
INFO  [2025-10-03 12:24:07] --- Used 0.41 seconds. Est. time remaining: 10.51 seconds
INFO  [2025-10-03 12:24:07] - Run 54 of 100
INFO  [2025-10-03 12:24:07] --- Used 0.16 seconds. Est. time remaining: 10.23 seconds
INFO  [2025-10-03 12:24:07] - Run 55 of 100
INFO  [2025-10-03 12:24:08] --- Used 0.31 seconds. Est. time remaining: 10.08 seconds
INFO  [2025-10-03 12:24:08] - Run 56 of 100
INFO  [2025-10-03 12:24:08] --- Used 0.13 seconds. Est. time remaining: 9.78 seconds
INFO  [2025-10-03 12:24:08] - Run 57 of 100
INFO  [2025-10-03 12:24:08] --- Used 0.43 seconds. Est. time remaining: 9.71 seconds
INFO  [2025-10-03 12:24:08] - Run 58 of 100
INFO  [2025-10-03 12:24:08] --- Used 0.15 seconds. Est. time remaining: 9.43 seconds
INFO  [2025-10-03 12:24:08] - Run 59 of 100
INFO  [2025-10-03 12:24:09] --- Used 0.29 seconds. Est. time remaining: 9.25 seconds
INFO  [2025-10-03 12:24:09] - Run 60 of 100
INFO  [2025-10-03 12:24:09] --- Used 0.21 seconds. Est. time remaining: 9.01 seconds
INFO  [2025-10-03 12:24:09] - Run 61 of 100
INFO  [2025-10-03 12:24:09] --- Used 0.33 seconds. Est. time remaining: 8.85 seconds
INFO  [2025-10-03 12:24:09] - Run 62 of 100
INFO  [2025-10-03 12:24:09] --- Used 0.08 seconds. Est. time remaining: 8.54 seconds
INFO  [2025-10-03 12:24:09] - Run 63 of 100
INFO  [2025-10-03 12:24:10] --- Used 0.35 seconds. Est. time remaining: 8.39 seconds
INFO  [2025-10-03 12:24:10] - Run 64 of 100
INFO  [2025-10-03 12:24:10] --- Used 0.35 seconds. Est. time remaining: 8.23 seconds
INFO  [2025-10-03 12:24:10] - Run 65 of 100
INFO  [2025-10-03 12:24:10] --- Used 0.09 seconds. Est. time remaining: 7.93 seconds
INFO  [2025-10-03 12:24:10] - Run 66 of 100
INFO  [2025-10-03 12:24:10] --- Used 0.1 seconds. Est. time remaining: 7.63 seconds
INFO  [2025-10-03 12:24:10] - Run 67 of 100
INFO  [2025-10-03 12:24:11] --- Used 0.66 seconds. Est. time remaining: 7.63 seconds
INFO  [2025-10-03 12:24:11] - Run 68 of 100
INFO  [2025-10-03 12:24:11] --- Used 0.11 seconds. Est. time remaining: 7.34 seconds
INFO  [2025-10-03 12:24:11] - Run 69 of 100
INFO  [2025-10-03 12:24:11] --- Used 0.11 seconds. Est. time remaining: 7.05 seconds
INFO  [2025-10-03 12:24:11] - Run 70 of 100
INFO  [2025-10-03 12:24:11] --- Used 0.11 seconds. Est. time remaining: 6.78 seconds
INFO  [2025-10-03 12:24:11] - Run 71 of 100
INFO  [2025-10-03 12:24:12] --- Used 0.49 seconds. Est. time remaining: 6.66 seconds
INFO  [2025-10-03 12:24:12] - Run 72 of 100
INFO  [2025-10-03 12:24:12] --- Used 0.11 seconds. Est. time remaining: 6.38 seconds
INFO  [2025-10-03 12:24:12] - Run 73 of 100
INFO  [2025-10-03 12:24:12] --- Used 0.14 seconds. Est. time remaining: 6.12 seconds
INFO  [2025-10-03 12:24:12] - Run 74 of 100
INFO  [2025-10-03 12:24:12] --- Used 0.28 seconds. Est. time remaining: 5.91 seconds
INFO  [2025-10-03 12:24:12] - Run 75 of 100
INFO  [2025-10-03 12:24:12] --- Used 0.12 seconds. Est. time remaining: 5.65 seconds
INFO  [2025-10-03 12:24:12] - Run 76 of 100
INFO  [2025-10-03 12:24:13] --- Used 0.36 seconds. Est. time remaining: 5.47 seconds
INFO  [2025-10-03 12:24:13] - Run 77 of 100
INFO  [2025-10-03 12:24:13] --- Used 0.53 seconds. Est. time remaining: 5.33 seconds
INFO  [2025-10-03 12:24:13] - Run 78 of 100
INFO  [2025-10-03 12:24:13] --- Used 0.1 seconds. Est. time remaining: 5.06 seconds
INFO  [2025-10-03 12:24:13] - Run 79 of 100
INFO  [2025-10-03 12:24:13] --- Used 0.08 seconds. Est. time remaining: 4.79 seconds
INFO  [2025-10-03 12:24:13] - Run 80 of 100
INFO  [2025-10-03 12:24:14] --- Used 0.35 seconds. Est. time remaining: 4.59 seconds
INFO  [2025-10-03 12:24:14] - Run 81 of 100
INFO  [2025-10-03 12:24:14] --- Used 0.16 seconds. Est. time remaining: 4.35 seconds
INFO  [2025-10-03 12:24:14] - Run 82 of 100
INFO  [2025-10-03 12:24:14] --- Used 0.09 seconds. Est. time remaining: 4.09 seconds
INFO  [2025-10-03 12:24:14] - Run 83 of 100
INFO  [2025-10-03 12:24:14] --- Used 0.08 seconds. Est. time remaining: 3.83 seconds
INFO  [2025-10-03 12:24:14] - Run 84 of 100
INFO  [2025-10-03 12:24:14] --- Used 0.13 seconds. Est. time remaining: 3.59 seconds
INFO  [2025-10-03 12:24:14] - Run 85 of 100
INFO  [2025-10-03 12:24:14] --- Used 0.09 seconds. Est. time remaining: 3.34 seconds
INFO  [2025-10-03 12:24:14] - Run 86 of 100
INFO  [2025-10-03 12:24:14] --- Used 0.13 seconds. Est. time remaining: 3.1 seconds
INFO  [2025-10-03 12:24:14] - Run 87 of 100
INFO  [2025-10-03 12:24:15] --- Used 0.6 seconds. Est. time remaining: 2.94 seconds
INFO  [2025-10-03 12:24:15] - Run 88 of 100
INFO  [2025-10-03 12:24:15] --- Used 0.1 seconds. Est. time remaining: 2.7 seconds
INFO  [2025-10-03 12:24:15] - Run 89 of 100
INFO  [2025-10-03 12:24:15] --- Used 0.09 seconds. Est. time remaining: 2.46 seconds
INFO  [2025-10-03 12:24:15] - Run 90 of 100
INFO  [2025-10-03 12:24:15] --- Used 0.1 seconds. Est. time remaining: 2.22 seconds
INFO  [2025-10-03 12:24:15] - Run 91 of 100
INFO  [2025-10-03 12:24:15] --- Used 0.17 seconds. Est. time remaining: 1.99 seconds
INFO  [2025-10-03 12:24:15] - Run 92 of 100
INFO  [2025-10-03 12:24:16] --- Used 0.31 seconds. Est. time remaining: 1.78 seconds
INFO  [2025-10-03 12:24:16] - Run 93 of 100
INFO  [2025-10-03 12:24:16] --- Used 0.1 seconds. Est. time remaining: 1.55 seconds
INFO  [2025-10-03 12:24:16] - Run 94 of 100
INFO  [2025-10-03 12:24:17] --- Used 1.07 seconds. Est. time remaining: 1.38 seconds
INFO  [2025-10-03 12:24:17] - Run 95 of 100
INFO  [2025-10-03 12:24:17] --- Used 0.13 seconds. Est. time remaining: 1.15 seconds
INFO  [2025-10-03 12:24:17] - Run 96 of 100
INFO  [2025-10-03 12:24:17] --- Used 0.12 seconds. Est. time remaining: 0.91 seconds
INFO  [2025-10-03 12:24:17] - Run 97 of 100
INFO  [2025-10-03 12:24:17] --- Used 0.18 seconds. Est. time remaining: 0.68 seconds
INFO  [2025-10-03 12:24:17] - Run 98 of 100
INFO  [2025-10-03 12:24:18] --- Used 0.38 seconds. Est. time remaining: 0.46 seconds
INFO  [2025-10-03 12:24:18] - Run 99 of 100
INFO  [2025-10-03 12:24:18] --- Used 0.27 seconds. Est. time remaining: 0.23 seconds
INFO  [2025-10-03 12:24:18] - Run 100 of 100
INFO  [2025-10-03 12:24:18] --- Used 0.1 seconds. Est. time remaining: 0 seconds
INFO  [2025-10-03 12:24:18] Calculating percentiles for score and loading
INFO  [2025-10-03 12:24:19] ==== ALASCA has finished ====
INFO  [2025-10-03 12:24:19] To visualize the model, try `plot(<object>, effect = 1, component = 1, type = 'effect')`
INFO  [2025-10-03 12:24:19] Effect plot. Selected effect (nr 1): `treatment`. Component: 1.
WARN  [2025-10-03 12:24:19] Showing 10 of 410 variables. Adjust the number with `n_limit`
INFO  [2025-10-03 12:30:19] Effect plot. Selected effect (nr 1): `treatment`. Component: 1.
WARN  [2025-10-03 12:30:19] Showing 10 of 410 variables. Adjust the number with `n_limit`
INFO  [2025-10-03 12:30:26] Effect plot. Selected effect (nr 1): `treatment`. Component: 1.
WARN  [2025-10-03 12:30:26] Showing 10 of 410 variables. Adjust the number with `n_limit`
INFO  [2025-10-03 12:30:51] Effect plot. Selected effect (nr 1): `treatment`. Component: 1.
WARN  [2025-10-03 12:30:51] Showing 10 of 410 variables. Adjust the number with `n_limit`
INFO  [2025-10-03 12:31:00] Effect plot. Selected effect (nr 1): `treatment`. Component: 1.
WARN  [2025-10-03 12:31:00] Showing 10 of 410 variables. Adjust the number with `n_limit`
INFO  [2025-10-03 12:31:15] Effect plot. Selected effect (nr 1): `treatment`. Component: 1.
WARN  [2025-10-03 12:31:15] Showing 10 of 410 variables. Adjust the number with `n_limit`
INFO  [2025-10-03 12:32:35] Effect plot. Selected effect (nr 1): `treatment`. Component: 1.
WARN  [2025-10-03 12:32:35] Showing 10 of 410 variables. Adjust the number with `n_limit`
INFO  [2025-10-03 12:35:13] Effect plot. Selected effect (nr 1): `treatment`. Component: 1.
WARN  [2025-10-03 12:35:13] Showing 10 of 410 variables. Adjust the number with `n_limit`
INFO  [2025-10-03 12:35:20] Effect plot. Selected effect (nr 1): `treatment`. Component: 1.
WARN  [2025-10-03 12:35:20] Showing 10 of 410 variables. Adjust the number with `n_limit`
INFO  [2025-10-03 12:38:18] Score plot. Selected effect (nr 1): `treatment`. Component: 1.
INFO  [2025-10-03 12:41:21] Score plot. Selected effect (nr 1): `treatment`. Component: 1.
INFO  [2025-10-03 12:41:35] Score plot. Selected effect (nr 1): `treatment`. Component: 1.
INFO  [2025-10-03 12:42:20] Score plot. Selected effect (nr 1): `treatment`. Component: 1.
INFO  [2025-10-03 12:42:27] Effect plot. Selected effect (nr 1): `treatment`. Component: 1.
WARN  [2025-10-03 12:42:27] Showing 10 of 410 variables. Adjust the number with `n_limit`
INFO  [2025-10-03 12:43:36] Prediction plot. Selected effect (nr 1): `treatment`. Component: 1.
INFO  [2025-10-03 12:43:36] Selecting the 5 variables with highest/lowest loading on `treatment` (PC1). Use `variable` to specify variables to plot
INFO  [2025-10-03 12:43:58] Prediction plot. Selected effect (nr 1): `treatment`. Component: 1.
INFO  [2025-10-03 12:43:58] Selecting the 5 variables with highest/lowest loading on `treatment` (PC1). Use `variable` to specify variables to plot
INFO  [2025-10-03 12:44:09] Prediction plot. Selected effect (nr 1): `treatment`. Component: 1.
INFO  [2025-10-03 12:44:09] Selecting the 5 variables with highest/lowest loading on `treatment` (PC1). Use `variable` to specify variables to plot
INFO  [2025-10-03 12:45:20] Loadings for effect number 1 and principal component(s) 1
