INFO  [2025-10-03 12:17:47] Initializing ALASCA (v1.0.17, 2024-09-13)
WARN  [2025-10-03 12:17:47] Guessing effects: `treatment`
INFO  [2025-10-03 12:17:47] Will use linear mixed models!
INFO  [2025-10-03 12:17:47] Will use Rfast!
WARN  [2025-10-03 12:17:47] Converting IDs to integer values
WARN  [2025-10-03 12:17:47] The `treatment` column is used for stratification
INFO  [2025-10-03 12:17:47] Scaling data with sdall ...
INFO  [2025-10-03 12:17:47] Calculating LMM coefficients
INFO  [2025-10-03 12:17:47] Reducing the number of dimensions with PCA
INFO  [2025-10-03 12:17:47] Keeping 35 components from initial PCA, explaining 95.06 % of variation. The limit can be changed with `reduce_dimensions.limit`
INFO  [2025-10-03 12:17:47] -> Finished the reduction of dimensions!
WARN  [2025-10-03 12:17:47] Keeping 20 of 35 components. Change `max_PC` if necessary.
INFO  [2025-10-03 12:17:47] Starting validation: bootstrap
INFO  [2025-10-03 12:17:47] - Run 1 of 100
INFO  [2025-10-03 12:17:48] --- Used 0.18 seconds. Est. time remaining: 18.68 seconds
INFO  [2025-10-03 12:17:48] - Run 2 of 100
INFO  [2025-10-03 12:17:48] --- Used 0.59 seconds. Est. time remaining: 38.04 seconds
INFO  [2025-10-03 12:17:48] - Run 3 of 100
INFO  [2025-10-03 12:17:48] --- Used 0.22 seconds. Est. time remaining: 32.39 seconds
INFO  [2025-10-03 12:17:48] - Run 4 of 100
INFO  [2025-10-03 12:17:49] --- Used 0.1 seconds. Est. time remaining: 26.55 seconds
INFO  [2025-10-03 12:17:49] - Run 5 of 100
INFO  [2025-10-03 12:17:49] --- Used 0.1 seconds. Est. time remaining: 22.95 seconds
INFO  [2025-10-03 12:17:49] - Run 6 of 100
INFO  [2025-10-03 12:17:49] --- Used 0.38 seconds. Est. time remaining: 24.86 seconds
INFO  [2025-10-03 12:17:49] - Run 7 of 100
INFO  [2025-10-03 12:17:49] --- Used 0.09 seconds. Est. time remaining: 22.35 seconds
INFO  [2025-10-03 12:17:49] - Run 8 of 100
INFO  [2025-10-03 12:17:49] --- Used 0.1 seconds. Est. time remaining: 20.45 seconds
INFO  [2025-10-03 12:17:49] - Run 9 of 100
INFO  [2025-10-03 12:17:49] --- Used 0.09 seconds. Est. time remaining: 18.93 seconds
INFO  [2025-10-03 12:17:49] - Run 10 of 100
INFO  [2025-10-03 12:17:49] --- Used 0.13 seconds. Est. time remaining: 18.02 seconds
INFO  [2025-10-03 12:17:49] - Run 11 of 100
INFO  [2025-10-03 12:17:50] --- Used 0.09 seconds. Est. time remaining: 16.92 seconds
INFO  [2025-10-03 12:17:50] - Run 12 of 100
INFO  [2025-10-03 12:17:50] --- Used 0.16 seconds. Est. time remaining: 16.51 seconds
INFO  [2025-10-03 12:17:50] - Run 13 of 100
INFO  [2025-10-03 12:17:50] --- Used 0.35 seconds. Est. time remaining: 17.42 seconds
INFO  [2025-10-03 12:17:50] - Run 14 of 100
INFO  [2025-10-03 12:17:50] --- Used 0.1 seconds. Est. time remaining: 16.6 seconds
INFO  [2025-10-03 12:17:50] - Run 15 of 100
INFO  [2025-10-03 12:17:50] --- Used 0.09 seconds. Est. time remaining: 15.81 seconds
INFO  [2025-10-03 12:17:50] - Run 16 of 100
INFO  [2025-10-03 12:17:50] --- Used 0.19 seconds. Est. time remaining: 15.68 seconds
INFO  [2025-10-03 12:17:50] - Run 17 of 100
INFO  [2025-10-03 12:17:50] --- Used 0.07 seconds. Est. time remaining: 14.93 seconds
INFO  [2025-10-03 12:17:50] - Run 18 of 100
INFO  [2025-10-03 12:17:51] --- Used 0.08 seconds. Est. time remaining: 14.27 seconds
INFO  [2025-10-03 12:17:51] - Run 19 of 100
INFO  [2025-10-03 12:17:51] --- Used 0.09 seconds. Est. time remaining: 13.74 seconds
INFO  [2025-10-03 12:17:51] - Run 20 of 100
INFO  [2025-10-03 12:17:51] --- Used 0.07 seconds. Est. time remaining: 13.19 seconds
INFO  [2025-10-03 12:17:51] - Run 21 of 100
INFO  [2025-10-03 12:17:51] --- Used 0.3 seconds. Est. time remaining: 13.53 seconds
INFO  [2025-10-03 12:17:51] - Run 22 of 100
INFO  [2025-10-03 12:17:51] --- Used 0.12 seconds. Est. time remaining: 13.17 seconds
INFO  [2025-10-03 12:17:51] - Run 23 of 100
INFO  [2025-10-03 12:17:51] --- Used 0.08 seconds. Est. time remaining: 12.71 seconds
INFO  [2025-10-03 12:17:51] - Run 24 of 100
INFO  [2025-10-03 12:17:51] --- Used 0.14 seconds. Est. time remaining: 12.45 seconds
INFO  [2025-10-03 12:17:51] - Run 25 of 100
INFO  [2025-10-03 12:17:52] --- Used 0.15 seconds. Est. time remaining: 12.25 seconds
INFO  [2025-10-03 12:17:52] - Run 26 of 100
INFO  [2025-10-03 12:17:52] --- Used 0.08 seconds. Est. time remaining: 11.85 seconds
INFO  [2025-10-03 12:17:52] - Run 27 of 100
INFO  [2025-10-03 12:17:52] --- Used 0.1 seconds. Est. time remaining: 11.53 seconds
INFO  [2025-10-03 12:17:52] - Run 28 of 100
INFO  [2025-10-03 12:17:52] --- Used 0.34 seconds. Est. time remaining: 11.4 seconds
INFO  [2025-10-03 12:17:52] - Run 29 of 100
INFO  [2025-10-03 12:17:52] --- Used 0.11 seconds. Est. time remaining: 11.53 seconds
INFO  [2025-10-03 12:17:52] - Run 30 of 100
INFO  [2025-10-03 12:17:52] --- Used 0.17 seconds. Est. time remaining: 11.39 seconds
INFO  [2025-10-03 12:17:52] - Run 31 of 100
INFO  [2025-10-03 12:17:52] --- Used 0.07 seconds. Est. time remaining: 11.02 seconds
INFO  [2025-10-03 12:17:52] - Run 32 of 100
INFO  [2025-10-03 12:17:52] --- Used 0.07 seconds. Est. time remaining: 10.68 seconds
INFO  [2025-10-03 12:17:52] - Run 33 of 100
INFO  [2025-10-03 12:17:53] --- Used 0.1 seconds. Est. time remaining: 10.41 seconds
INFO  [2025-10-03 12:17:53] - Run 34 of 100
INFO  [2025-10-03 12:17:53] --- Used 0.07 seconds. Est. time remaining: 10.1 seconds
INFO  [2025-10-03 12:17:53] - Run 35 of 100
INFO  [2025-10-03 12:17:53] --- Used 0.2 seconds. Est. time remaining: 10.03 seconds
INFO  [2025-10-03 12:17:53] - Run 36 of 100
INFO  [2025-10-03 12:17:53] --- Used 0.35 seconds. Est. time remaining: 10.22 seconds
INFO  [2025-10-03 12:17:53] - Run 37 of 100
INFO  [2025-10-03 12:17:53] --- Used 0.08 seconds. Est. time remaining: 9.93 seconds
INFO  [2025-10-03 12:17:53] - Run 38 of 100
INFO  [2025-10-03 12:17:53] --- Used 0.09 seconds. Est. time remaining: 9.66 seconds
INFO  [2025-10-03 12:17:53] - Run 39 of 100
INFO  [2025-10-03 12:17:53] --- Used 0.1 seconds. Est. time remaining: 9.42 seconds
INFO  [2025-10-03 12:17:53] - Run 40 of 100
INFO  [2025-10-03 12:17:54] --- Used 0.07 seconds. Est. time remaining: 9.14 seconds
INFO  [2025-10-03 12:17:54] - Run 41 of 100
INFO  [2025-10-03 12:17:54] --- Used 0.07 seconds. Est. time remaining: 8.87 seconds
INFO  [2025-10-03 12:17:54] - Run 42 of 100
INFO  [2025-10-03 12:17:54] --- Used 0.09 seconds. Est. time remaining: 8.65 seconds
INFO  [2025-10-03 12:17:54] - Run 43 of 100
INFO  [2025-10-03 12:17:54] --- Used 0.07 seconds. Est. time remaining: 8.39 seconds
INFO  [2025-10-03 12:17:54] - Run 44 of 100
INFO  [2025-10-03 12:17:54] --- Used 0.31 seconds. Est. time remaining: 8.45 seconds
INFO  [2025-10-03 12:17:54] - Run 45 of 100
INFO  [2025-10-03 12:17:54] --- Used 0.2 seconds. Est. time remaining: 8.36 seconds
INFO  [2025-10-03 12:17:54] - Run 46 of 100
INFO  [2025-10-03 12:17:54] --- Used 0.16 seconds. Est. time remaining: 8.21 seconds
INFO  [2025-10-03 12:17:54] - Run 47 of 100
INFO  [2025-10-03 12:17:55] --- Used 0.1 seconds. Est. time remaining: 8 seconds
INFO  [2025-10-03 12:17:55] - Run 48 of 100
INFO  [2025-10-03 12:17:55] --- Used 0.07 seconds. Est. time remaining: 7.76 seconds
INFO  [2025-10-03 12:17:55] - Run 49 of 100
INFO  [2025-10-03 12:17:55] --- Used 0.09 seconds. Est. time remaining: 7.56 seconds
INFO  [2025-10-03 12:17:55] - Run 50 of 100
INFO  [2025-10-03 12:17:55] --- Used 0.4 seconds. Est. time remaining: 7.66 seconds
INFO  [2025-10-03 12:17:55] - Run 51 of 100
INFO  [2025-10-03 12:17:55] --- Used 0.09 seconds. Est. time remaining: 7.45 seconds
INFO  [2025-10-03 12:17:55] - Run 52 of 100
INFO  [2025-10-03 12:17:55] --- Used 0.09 seconds. Est. time remaining: 7.23 seconds
INFO  [2025-10-03 12:17:55] - Run 53 of 100
INFO  [2025-10-03 12:17:55] --- Used 0.11 seconds. Est. time remaining: 7.05 seconds
INFO  [2025-10-03 12:17:55] - Run 54 of 100
INFO  [2025-10-03 12:17:55] --- Used 0.07 seconds. Est. time remaining: 6.83 seconds
INFO  [2025-10-03 12:17:55] - Run 55 of 100
INFO  [2025-10-03 12:17:56] --- Used 0.08 seconds. Est. time remaining: 6.62 seconds
INFO  [2025-10-03 12:17:56] - Run 56 of 100
INFO  [2025-10-03 12:17:56] --- Used 0.09 seconds. Est. time remaining: 6.43 seconds
INFO  [2025-10-03 12:17:56] - Run 57 of 100
INFO  [2025-10-03 12:17:56] --- Used 0.13 seconds. Est. time remaining: 6.28 seconds
INFO  [2025-10-03 12:17:56] - Run 58 of 100
INFO  [2025-10-03 12:17:57] --- Used 0.86 seconds. Est. time remaining: 6.65 seconds
INFO  [2025-10-03 12:17:57] - Run 59 of 100
INFO  [2025-10-03 12:17:57] --- Used 0.1 seconds. Est. time remaining: 6.45 seconds
INFO  [2025-10-03 12:17:57] - Run 60 of 100
INFO  [2025-10-03 12:17:57] --- Used 0.09 seconds. Est. time remaining: 6.25 seconds
INFO  [2025-10-03 12:17:57] - Run 61 of 100
INFO  [2025-10-03 12:17:57] --- Used 0.15 seconds. Est. time remaining: 6.09 seconds
INFO  [2025-10-03 12:17:57] - Run 62 of 100
INFO  [2025-10-03 12:17:57] --- Used 0.29 seconds. Est. time remaining: 6.01 seconds
INFO  [2025-10-03 12:17:57] - Run 63 of 100
INFO  [2025-10-03 12:17:57] --- Used 0.18 seconds. Est. time remaining: 5.87 seconds
INFO  [2025-10-03 12:17:57] - Run 64 of 100
INFO  [2025-10-03 12:17:57] --- Used 0.08 seconds. Est. time remaining: 5.66 seconds
INFO  [2025-10-03 12:17:57] - Run 65 of 100
INFO  [2025-10-03 12:17:58] --- Used 0.08 seconds. Est. time remaining: 5.47 seconds
INFO  [2025-10-03 12:17:58] - Run 66 of 100
INFO  [2025-10-03 12:17:58] --- Used 0.11 seconds. Est. time remaining: 5.29 seconds
INFO  [2025-10-03 12:17:58] - Run 67 of 100
INFO  [2025-10-03 12:17:58] --- Used 0.08 seconds. Est. time remaining: 5.1 seconds
INFO  [2025-10-03 12:17:58] - Run 68 of 100
INFO  [2025-10-03 12:17:58] --- Used 0.46 seconds. Est. time remaining: 5.09 seconds
INFO  [2025-10-03 12:17:58] - Run 69 of 100
INFO  [2025-10-03 12:17:58] --- Used 0.11 seconds. Est. time remaining: 4.91 seconds
INFO  [2025-10-03 12:17:58] - Run 70 of 100
INFO  [2025-10-03 12:17:58] --- Used 0.1 seconds. Est. time remaining: 4.72 seconds
INFO  [2025-10-03 12:17:58] - Run 71 of 100
INFO  [2025-10-03 12:17:59] --- Used 0.1 seconds. Est. time remaining: 4.54 seconds
INFO  [2025-10-03 12:17:59] - Run 72 of 100
INFO  [2025-10-03 12:17:59] --- Used 0.1 seconds. Est. time remaining: 4.37 seconds
INFO  [2025-10-03 12:17:59] - Run 73 of 100
INFO  [2025-10-03 12:17:59] --- Used 0.1 seconds. Est. time remaining: 4.19 seconds
INFO  [2025-10-03 12:17:59] - Run 74 of 100
INFO  [2025-10-03 12:17:59] --- Used 0.07 seconds. Est. time remaining: 4 seconds
INFO  [2025-10-03 12:17:59] - Run 75 of 100
INFO  [2025-10-03 12:17:59] --- Used 0.13 seconds. Est. time remaining: 3.84 seconds
INFO  [2025-10-03 12:17:59] - Run 76 of 100
INFO  [2025-10-03 12:17:59] --- Used 0.27 seconds. Est. time remaining: 3.72 seconds
INFO  [2025-10-03 12:17:59] - Run 77 of 100
INFO  [2025-10-03 12:17:59] --- Used 0.15 seconds. Est. time remaining: 3.57 seconds
INFO  [2025-10-03 12:17:59] - Run 78 of 100
INFO  [2025-10-03 12:17:59] --- Used 0.09 seconds. Est. time remaining: 3.4 seconds
INFO  [2025-10-03 12:17:59] - Run 79 of 100
INFO  [2025-10-03 12:18:00] --- Used 0.16 seconds. Est. time remaining: 3.24 seconds
INFO  [2025-10-03 12:18:00] - Run 80 of 100
INFO  [2025-10-03 12:18:00] --- Used 0.12 seconds. Est. time remaining: 3.08 seconds
INFO  [2025-10-03 12:18:00] - Run 81 of 100
INFO  [2025-10-03 12:18:00] --- Used 0.1 seconds. Est. time remaining: 2.91 seconds
INFO  [2025-10-03 12:18:00] - Run 82 of 100
INFO  [2025-10-03 12:18:00] --- Used 0.19 seconds. Est. time remaining: 2.77 seconds
INFO  [2025-10-03 12:18:00] - Run 83 of 100
INFO  [2025-10-03 12:18:00] --- Used 0.09 seconds. Est. time remaining: 2.6 seconds
INFO  [2025-10-03 12:18:00] - Run 84 of 100
INFO  [2025-10-03 12:18:00] --- Used 0.09 seconds. Est. time remaining: 2.43 seconds
INFO  [2025-10-03 12:18:00] - Run 85 of 100
INFO  [2025-10-03 12:18:00] --- Used 0.08 seconds. Est. time remaining: 2.27 seconds
INFO  [2025-10-03 12:18:00] - Run 86 of 100
INFO  [2025-10-03 12:18:00] --- Used 0.09 seconds. Est. time remaining: 2.11 seconds
INFO  [2025-10-03 12:18:00] - Run 87 of 100
INFO  [2025-10-03 12:18:00] --- Used 0.07 seconds. Est. time remaining: 1.95 seconds
INFO  [2025-10-03 12:18:00] - Run 88 of 100
INFO  [2025-10-03 12:18:01] --- Used 0.07 seconds. Est. time remaining: 1.79 seconds
INFO  [2025-10-03 12:18:01] - Run 89 of 100
INFO  [2025-10-03 12:18:01] --- Used 0.07 seconds. Est. time remaining: 1.63 seconds
INFO  [2025-10-03 12:18:01] - Run 90 of 100
INFO  [2025-10-03 12:18:01] --- Used 0.39 seconds. Est. time remaining: 1.51 seconds
INFO  [2025-10-03 12:18:01] - Run 91 of 100
INFO  [2025-10-03 12:18:01] --- Used 0.23 seconds. Est. time remaining: 1.36 seconds
INFO  [2025-10-03 12:18:01] - Run 92 of 100
INFO  [2025-10-03 12:18:01] --- Used 0.09 seconds. Est. time remaining: 1.21 seconds
INFO  [2025-10-03 12:18:01] - Run 93 of 100
INFO  [2025-10-03 12:18:01] --- Used 0.09 seconds. Est. time remaining: 1.05 seconds
INFO  [2025-10-03 12:18:01] - Run 94 of 100
INFO  [2025-10-03 12:18:01] --- Used 0.1 seconds. Est. time remaining: 0.9 seconds
INFO  [2025-10-03 12:18:01] - Run 95 of 100
INFO  [2025-10-03 12:18:02] --- Used 0.08 seconds. Est. time remaining: 0.74 seconds
INFO  [2025-10-03 12:18:02] - Run 96 of 100
INFO  [2025-10-03 12:18:02] --- Used 0.1 seconds. Est. time remaining: 0.59 seconds
INFO  [2025-10-03 12:18:02] - Run 97 of 100
INFO  [2025-10-03 12:18:02] --- Used 0.34 seconds. Est. time remaining: 0.45 seconds
INFO  [2025-10-03 12:18:02] - Run 98 of 100
INFO  [2025-10-03 12:18:02] --- Used 0.1 seconds. Est. time remaining: 0.3 seconds
INFO  [2025-10-03 12:18:02] - Run 99 of 100
INFO  [2025-10-03 12:18:02] --- Used 0.1 seconds. Est. time remaining: 0.15 seconds
INFO  [2025-10-03 12:18:02] - Run 100 of 100
INFO  [2025-10-03 12:18:02] --- Used 0.23 seconds. Est. time remaining: 0 seconds
INFO  [2025-10-03 12:18:02] Calculating percentiles for score and loading
INFO  [2025-10-03 12:18:03] ==== ALASCA has finished ====
INFO  [2025-10-03 12:18:03] To visualize the model, try `plot(<object>, effect = 1, component = 1, type = 'effect')`
INFO  [2025-10-03 12:19:27] Scree plot. Selected effect (nr 1): `treatment`. Component: 1 and 2 and 3 and 4 and 5 and 6.
INFO  [2025-10-03 12:19:36] Scree plot. Selected effect (nr 1): `treatment`. Component: 1 and 2 and 3.
INFO  [2025-10-03 12:21:09] Scree plot. Selected effect (nr 1): `treatment`. Component: 1 and 2 and 3.
INFO  [2025-10-03 12:22:04] Effect plot. Selected effect (nr 1): `treatment`. Component: 1.
WARN  [2025-10-03 12:22:04] Showing 10 of 410 variables. Adjust the number with `n_limit`
