INFO  [2025-10-02 15:26:45] Initializing ALASCA (v1.0.17, 2024-09-13)
WARN  [2025-10-02 15:26:45] Guessing effects: `day+day:treatment+treatment`
INFO  [2025-10-02 15:26:45] Will use linear mixed models!
INFO  [2025-10-02 15:26:45] Will use Rfast!
WARN  [2025-10-02 15:26:45] Converting IDs to integer values
WARN  [2025-10-02 15:26:45] The `day` column is used for stratification
INFO  [2025-10-02 15:26:45] Scaling data with sdall ...
INFO  [2025-10-02 15:26:45] Calculating LMM coefficients
INFO  [2025-10-02 15:26:45] Reducing the number of dimensions with PCA
INFO  [2025-10-02 15:26:45] Keeping 42 components from initial PCA, explaining 95.3 % of variation. The limit can be changed with `reduce_dimensions.limit`
INFO  [2025-10-02 15:26:45] -> Finished the reduction of dimensions!
WARN  [2025-10-02 15:26:45] Keeping 20 of 42 components. Change `max_PC` if necessary.
INFO  [2025-10-02 15:26:45] Starting validation: bootstrap
INFO  [2025-10-02 15:26:45] - Run 1 of 100
INFO  [2025-10-02 15:26:46] --- Used 0.22 seconds. Est. time remaining: 23.5 seconds
INFO  [2025-10-02 15:26:46] - Run 2 of 100
INFO  [2025-10-02 15:26:46] --- Used 0.19 seconds. Est. time remaining: 20.74 seconds
INFO  [2025-10-02 15:26:46] - Run 3 of 100
INFO  [2025-10-02 15:26:46] --- Used 0.11 seconds. Est. time remaining: 17.4 seconds
INFO  [2025-10-02 15:26:46] - Run 4 of 100
INFO  [2025-10-02 15:26:46] --- Used 0.1 seconds. Est. time remaining: 15.44 seconds
INFO  [2025-10-02 15:26:46] - Run 5 of 100
INFO  [2025-10-02 15:26:46] --- Used 0.12 seconds. Est. time remaining: 14.51 seconds
INFO  [2025-10-02 15:26:46] - Run 6 of 100
INFO  [2025-10-02 15:26:46] --- Used 0.12 seconds. Est. time remaining: 13.86 seconds
INFO  [2025-10-02 15:26:46] - Run 7 of 100
INFO  [2025-10-02 15:26:47] --- Used 0.81 seconds. Est. time remaining: 22.54 seconds
INFO  [2025-10-02 15:26:47] - Run 8 of 100
INFO  [2025-10-02 15:26:47] --- Used 0.13 seconds. Est. time remaining: 21.03 seconds
INFO  [2025-10-02 15:26:47] - Run 9 of 100
INFO  [2025-10-02 15:26:47] --- Used 0.13 seconds. Est. time remaining: 19.82 seconds
INFO  [2025-10-02 15:26:47] - Run 10 of 100
INFO  [2025-10-02 15:26:47] --- Used 0.11 seconds. Est. time remaining: 18.67 seconds
INFO  [2025-10-02 15:26:47] - Run 11 of 100
INFO  [2025-10-02 15:26:48] --- Used 0.31 seconds. Est. time remaining: 19.32 seconds
INFO  [2025-10-02 15:26:48] - Run 12 of 100
INFO  [2025-10-02 15:26:48] --- Used 0.19 seconds. Est. time remaining: 18.89 seconds
INFO  [2025-10-02 15:26:48] - Run 13 of 100
INFO  [2025-10-02 15:26:48] --- Used 0.12 seconds. Est. time remaining: 18.07 seconds
INFO  [2025-10-02 15:26:48] - Run 14 of 100
INFO  [2025-10-02 15:26:48] --- Used 0.1 seconds. Est. time remaining: 17.17 seconds
INFO  [2025-10-02 15:26:48] - Run 15 of 100
INFO  [2025-10-02 15:26:48] --- Used 0.11 seconds. Est. time remaining: 16.46 seconds
INFO  [2025-10-02 15:26:48] - Run 16 of 100
INFO  [2025-10-02 15:26:48] --- Used 0.08 seconds. Est. time remaining: 15.69 seconds
INFO  [2025-10-02 15:26:48] - Run 17 of 100
INFO  [2025-10-02 15:26:48] --- Used 0.08 seconds. Est. time remaining: 15 seconds
INFO  [2025-10-02 15:26:48] - Run 18 of 100
INFO  [2025-10-02 15:26:49] --- Used 0.15 seconds. Est. time remaining: 14.69 seconds
INFO  [2025-10-02 15:26:49] - Run 19 of 100
INFO  [2025-10-02 15:26:49] --- Used 0.3 seconds. Est. time remaining: 15.02 seconds
INFO  [2025-10-02 15:26:49] - Run 20 of 100
INFO  [2025-10-02 15:26:49] --- Used 0.1 seconds. Est. time remaining: 14.51 seconds
INFO  [2025-10-02 15:26:49] - Run 21 of 100
INFO  [2025-10-02 15:26:49] --- Used 0.19 seconds. Est. time remaining: 14.36 seconds
INFO  [2025-10-02 15:26:49] - Run 22 of 100
INFO  [2025-10-02 15:26:49] --- Used 0.16 seconds. Est. time remaining: 14.11 seconds
INFO  [2025-10-02 15:26:49] - Run 23 of 100
INFO  [2025-10-02 15:26:50] --- Used 0.32 seconds. Est. time remaining: 14.41 seconds
INFO  [2025-10-02 15:26:50] - Run 24 of 100
INFO  [2025-10-02 15:26:50] --- Used 0.28 seconds. Est. time remaining: 14.53 seconds
INFO  [2025-10-02 15:26:50] - Run 25 of 100
INFO  [2025-10-02 15:26:50] --- Used 0.1 seconds. Est. time remaining: 14.06 seconds
INFO  [2025-10-02 15:26:50] - Run 26 of 100
INFO  [2025-10-02 15:26:50] --- Used 0.1 seconds. Est. time remaining: 13.62 seconds
INFO  [2025-10-02 15:26:50] - Run 27 of 100
INFO  [2025-10-02 15:26:50] --- Used 0.12 seconds. Est. time remaining: 13.26 seconds
INFO  [2025-10-02 15:26:50] - Run 28 of 100
INFO  [2025-10-02 15:26:51] --- Used 0.38 seconds. Est. time remaining: 13.59 seconds
INFO  [2025-10-02 15:26:51] - Run 29 of 100
INFO  [2025-10-02 15:26:51] --- Used 0.12 seconds. Est. time remaining: 13.24 seconds
INFO  [2025-10-02 15:26:51] - Run 30 of 100
INFO  [2025-10-02 15:26:51] --- Used 0.14 seconds. Est. time remaining: 12.94 seconds
INFO  [2025-10-02 15:26:51] - Run 31 of 100
INFO  [2025-10-02 15:26:51] --- Used 0.09 seconds. Est. time remaining: 12.54 seconds
INFO  [2025-10-02 15:26:51] - Run 32 of 100
INFO  [2025-10-02 15:26:51] --- Used 0.09 seconds. Est. time remaining: 12.16 seconds
INFO  [2025-10-02 15:26:51] - Run 33 of 100
INFO  [2025-10-02 15:26:51] --- Used 0.1 seconds. Est. time remaining: 11.83 seconds
INFO  [2025-10-02 15:26:51] - Run 34 of 100
INFO  [2025-10-02 15:26:51] --- Used 0.09 seconds. Est. time remaining: 11.48 seconds
INFO  [2025-10-02 15:26:51] - Run 35 of 100
INFO  [2025-10-02 15:26:52] --- Used 0.42 seconds. Est. time remaining: 11.77 seconds
INFO  [2025-10-02 15:26:52] - Run 36 of 100
INFO  [2025-10-02 15:26:52] --- Used 0.1 seconds. Est. time remaining: 11.45 seconds
INFO  [2025-10-02 15:26:52] - Run 37 of 100
INFO  [2025-10-02 15:26:52] --- Used 0.09 seconds. Est. time remaining: 11.12 seconds
INFO  [2025-10-02 15:26:52] - Run 38 of 100
INFO  [2025-10-02 15:26:52] --- Used 0.09 seconds. Est. time remaining: 10.81 seconds
INFO  [2025-10-02 15:26:52] - Run 39 of 100
INFO  [2025-10-02 15:26:52] --- Used 0.09 seconds. Est. time remaining: 10.51 seconds
INFO  [2025-10-02 15:26:52] - Run 40 of 100
INFO  [2025-10-02 15:26:52] --- Used 0.09 seconds. Est. time remaining: 10.21 seconds
INFO  [2025-10-02 15:26:52] - Run 41 of 100
INFO  [2025-10-02 15:26:52] --- Used 0.11 seconds. Est. time remaining: 9.96 seconds
INFO  [2025-10-02 15:26:52] - Run 42 of 100
INFO  [2025-10-02 15:26:52] --- Used 0.14 seconds. Est. time remaining: 9.75 seconds
INFO  [2025-10-02 15:26:52] - Run 43 of 100
INFO  [2025-10-02 15:26:53] --- Used 0.3 seconds. Est. time remaining: 9.76 seconds
INFO  [2025-10-02 15:26:53] - Run 44 of 100
INFO  [2025-10-02 15:26:53] --- Used 0.14 seconds. Est. time remaining: 9.54 seconds
INFO  [2025-10-02 15:26:53] - Run 45 of 100
INFO  [2025-10-02 15:26:53] --- Used 0.09 seconds. Est. time remaining: 9.27 seconds
INFO  [2025-10-02 15:26:53] - Run 46 of 100
INFO  [2025-10-02 15:26:53] --- Used 0.09 seconds. Est. time remaining: 9.01 seconds
INFO  [2025-10-02 15:26:53] - Run 47 of 100
INFO  [2025-10-02 15:26:53] --- Used 0.12 seconds. Est. time remaining: 8.79 seconds
INFO  [2025-10-02 15:26:53] - Run 48 of 100
INFO  [2025-10-02 15:26:53] --- Used 0.12 seconds. Est. time remaining: 8.58 seconds
INFO  [2025-10-02 15:26:53] - Run 49 of 100
INFO  [2025-10-02 15:26:54] --- Used 0.35 seconds. Est. time remaining: 8.6 seconds
INFO  [2025-10-02 15:26:54] - Run 50 of 100
INFO  [2025-10-02 15:26:54] --- Used 0.15 seconds. Est. time remaining: 8.42 seconds
INFO  [2025-10-02 15:26:54] - Run 51 of 100
INFO  [2025-10-02 15:26:54] --- Used 0.09 seconds. Est. time remaining: 8.18 seconds
INFO  [2025-10-02 15:26:54] - Run 52 of 100
INFO  [2025-10-02 15:26:54] --- Used 0.09 seconds. Est. time remaining: 7.94 seconds
INFO  [2025-10-02 15:26:54] - Run 53 of 100
INFO  [2025-10-02 15:26:54] --- Used 0.11 seconds. Est. time remaining: 7.73 seconds
INFO  [2025-10-02 15:26:54] - Run 54 of 100
INFO  [2025-10-02 15:26:54] --- Used 0.09 seconds. Est. time remaining: 7.5 seconds
INFO  [2025-10-02 15:26:54] - Run 55 of 100
INFO  [2025-10-02 15:26:54] --- Used 0.11 seconds. Est. time remaining: 7.3 seconds
INFO  [2025-10-02 15:26:54] - Run 56 of 100
INFO  [2025-10-02 15:26:54] --- Used 0.13 seconds. Est. time remaining: 7.11 seconds
INFO  [2025-10-02 15:26:54] - Run 57 of 100
INFO  [2025-10-02 15:26:55] --- Used 0.3 seconds. Est. time remaining: 7.06 seconds
INFO  [2025-10-02 15:26:55] - Run 58 of 100
INFO  [2025-10-02 15:26:55] --- Used 0.15 seconds. Est. time remaining: 6.89 seconds
INFO  [2025-10-02 15:26:55] - Run 59 of 100
INFO  [2025-10-02 15:26:55] --- Used 0.09 seconds. Est. time remaining: 6.67 seconds
INFO  [2025-10-02 15:26:55] - Run 60 of 100
INFO  [2025-10-02 15:26:55] --- Used 0.09 seconds. Est. time remaining: 6.46 seconds
INFO  [2025-10-02 15:26:55] - Run 61 of 100
INFO  [2025-10-02 15:26:55] --- Used 0.18 seconds. Est. time remaining: 6.31 seconds
INFO  [2025-10-02 15:26:55] - Run 62 of 100
INFO  [2025-10-02 15:26:55] --- Used 0.1 seconds. Est. time remaining: 6.11 seconds
INFO  [2025-10-02 15:26:55] - Run 63 of 100
INFO  [2025-10-02 15:26:56] --- Used 0.36 seconds. Est. time remaining: 6.07 seconds
INFO  [2025-10-02 15:26:56] - Run 64 of 100
INFO  [2025-10-02 15:26:56] --- Used 0.21 seconds. Est. time remaining: 5.93 seconds
INFO  [2025-10-02 15:26:56] - Run 65 of 100
INFO  [2025-10-02 15:26:56] --- Used 0.1 seconds. Est. time remaining: 5.73 seconds
INFO  [2025-10-02 15:26:56] - Run 66 of 100
INFO  [2025-10-02 15:26:56] --- Used 0.09 seconds. Est. time remaining: 5.53 seconds
INFO  [2025-10-02 15:26:56] - Run 67 of 100
INFO  [2025-10-02 15:26:56] --- Used 0.11 seconds. Est. time remaining: 5.34 seconds
INFO  [2025-10-02 15:26:56] - Run 68 of 100
INFO  [2025-10-02 15:26:56] --- Used 0.1 seconds. Est. time remaining: 5.15 seconds
INFO  [2025-10-02 15:26:56] - Run 69 of 100
INFO  [2025-10-02 15:26:57] --- Used 0.43 seconds. Est. time remaining: 5.11 seconds
INFO  [2025-10-02 15:26:57] - Run 70 of 100
INFO  [2025-10-02 15:26:57] --- Used 0.1 seconds. Est. time remaining: 4.92 seconds
INFO  [2025-10-02 15:26:57] - Run 71 of 100
INFO  [2025-10-02 15:26:57] --- Used 0.1 seconds. Est. time remaining: 4.72 seconds
INFO  [2025-10-02 15:26:57] - Run 72 of 100
INFO  [2025-10-02 15:26:57] --- Used 0.12 seconds. Est. time remaining: 4.55 seconds
INFO  [2025-10-02 15:26:57] - Run 73 of 100
INFO  [2025-10-02 15:26:57] --- Used 0.09 seconds. Est. time remaining: 4.36 seconds
INFO  [2025-10-02 15:26:57] - Run 74 of 100
INFO  [2025-10-02 15:26:57] --- Used 0.2 seconds. Est. time remaining: 4.21 seconds
INFO  [2025-10-02 15:26:57] - Run 75 of 100
INFO  [2025-10-02 15:26:58] --- Used 0.52 seconds. Est. time remaining: 4.17 seconds
INFO  [2025-10-02 15:26:58] - Run 76 of 100
INFO  [2025-10-02 15:26:58] --- Used 0.12 seconds. Est. time remaining: 3.99 seconds
INFO  [2025-10-02 15:26:58] - Run 77 of 100
INFO  [2025-10-02 15:26:58] --- Used 0.17 seconds. Est. time remaining: 3.82 seconds
INFO  [2025-10-02 15:26:58] - Run 78 of 100
INFO  [2025-10-02 15:26:59] --- Used 0.65 seconds. Est. time remaining: 3.79 seconds
INFO  [2025-10-02 15:26:59] - Run 79 of 100
INFO  [2025-10-02 15:26:59] --- Used 0.14 seconds. Est. time remaining: 3.61 seconds
INFO  [2025-10-02 15:26:59] - Run 80 of 100
INFO  [2025-10-02 15:26:59] --- Used 0.35 seconds. Est. time remaining: 3.48 seconds
INFO  [2025-10-02 15:26:59] - Run 81 of 100
INFO  [2025-10-02 15:26:59] --- Used 0.12 seconds. Est. time remaining: 3.3 seconds
INFO  [2025-10-02 15:26:59] - Run 82 of 100
INFO  [2025-10-02 15:27:00] --- Used 0.37 seconds. Est. time remaining: 3.17 seconds
INFO  [2025-10-02 15:27:00] - Run 83 of 100
INFO  [2025-10-02 15:27:00] --- Used 0.47 seconds. Est. time remaining: 3.05 seconds
INFO  [2025-10-02 15:27:00] - Run 84 of 100
INFO  [2025-10-02 15:27:00] --- Used 0.11 seconds. Est. time remaining: 2.86 seconds
INFO  [2025-10-02 15:27:00] - Run 85 of 100
INFO  [2025-10-02 15:27:00] --- Used 0.1 seconds. Est. time remaining: 2.66 seconds
INFO  [2025-10-02 15:27:00] - Run 86 of 100
INFO  [2025-10-02 15:27:01] --- Used 0.48 seconds. Est. time remaining: 2.54 seconds
INFO  [2025-10-02 15:27:01] - Run 87 of 100
INFO  [2025-10-02 15:27:01] --- Used 0.09 seconds. Est. time remaining: 2.34 seconds
INFO  [2025-10-02 15:27:01] - Run 88 of 100
INFO  [2025-10-02 15:27:01] --- Used 0.1 seconds. Est. time remaining: 2.15 seconds
INFO  [2025-10-02 15:27:01] - Run 89 of 100
INFO  [2025-10-02 15:27:01] --- Used 0.12 seconds. Est. time remaining: 1.96 seconds
INFO  [2025-10-02 15:27:01] - Run 90 of 100
INFO  [2025-10-02 15:27:01] --- Used 0.09 seconds. Est. time remaining: 1.78 seconds
INFO  [2025-10-02 15:27:01] - Run 91 of 100
INFO  [2025-10-02 15:27:01] --- Used 0.15 seconds. Est. time remaining: 1.6 seconds
INFO  [2025-10-02 15:27:01] - Run 92 of 100
INFO  [2025-10-02 15:27:02] --- Used 0.4 seconds. Est. time remaining: 1.44 seconds
INFO  [2025-10-02 15:27:02] - Run 93 of 100
INFO  [2025-10-02 15:27:02] --- Used 0.1 seconds. Est. time remaining: 1.25 seconds
INFO  [2025-10-02 15:27:02] - Run 94 of 100
INFO  [2025-10-02 15:27:02] --- Used 0.13 seconds. Est. time remaining: 1.07 seconds
INFO  [2025-10-02 15:27:02] - Run 95 of 100
INFO  [2025-10-02 15:27:02] --- Used 0.09 seconds. Est. time remaining: 0.89 seconds
INFO  [2025-10-02 15:27:02] - Run 96 of 100
INFO  [2025-10-02 15:27:02] --- Used 0.14 seconds. Est. time remaining: 0.71 seconds
INFO  [2025-10-02 15:27:02] - Run 97 of 100
INFO  [2025-10-02 15:27:03] --- Used 0.4 seconds. Est. time remaining: 0.54 seconds
INFO  [2025-10-02 15:27:03] - Run 98 of 100
INFO  [2025-10-02 15:27:03] --- Used 0.13 seconds. Est. time remaining: 0.36 seconds
INFO  [2025-10-02 15:27:03] - Run 99 of 100
INFO  [2025-10-02 15:27:03] --- Used 0.1 seconds. Est. time remaining: 0.18 seconds
INFO  [2025-10-02 15:27:03] - Run 100 of 100
INFO  [2025-10-02 15:27:03] --- Used 0.13 seconds. Est. time remaining: 0 seconds
INFO  [2025-10-02 15:27:03] Calculating percentiles for score and loading
INFO  [2025-10-02 15:27:03] ==== ALASCA has finished ====
INFO  [2025-10-02 15:27:03] To visualize the model, try `plot(<object>, effect = 1, component = 1, type = 'effect')`
INFO  [2025-10-02 15:27:21] Scree plot. Selected effect (nr 1): `day+day:treatment+treatment`. Component: 1 and 2 and 3 and 4 and 5 and 6.
INFO  [2025-10-02 15:27:35] Scree plot. Selected effect (nr 1): `day+day:treatment+treatment`. Component: 1 and 2 and 3 and 4 and 5 and 6.
INFO  [2025-10-02 15:27:43] Scree plot. Selected effect (nr 1): `day+day:treatment+treatment`. Component: 1 and 2 and 3 and 4 and 5 and 6.
INFO  [2025-10-02 15:27:52] Scree plot. Selected effect (nr 1): `day+day:treatment+treatment`. Component: 1 and 2 and 3 and 4 and 5 and 6.
INFO  [2025-10-02 15:27:55] Score plot. Selected effect (nr 1): `day+day:treatment+treatment`. Component: 1.
INFO  [2025-10-02 15:28:11] Score plot. Selected effect (nr 1): `day+day:treatment+treatment`. Component: 1.
